07/08/24 09:04:38 Setting maximum file descriptors to 80000.
07/08/24 09:04:38 ******************************************************
07/08/24 09:04:38 ** condor_scheduniv_exec.212903202.0 (CONDOR_DAGMAN) STARTING UP
07/08/24 09:04:38 ** /usr/bin/condor_dagman
07/08/24 09:04:38 ** SubsystemInfo: name=DAGMAN type=DAGMAN(10) class=DAEMON(1)
07/08/24 09:04:38 ** Configuration: subsystem:DAGMAN local:<NONE> class:DAEMON
07/08/24 09:04:38 ** $CondorVersion: 8.9.11 Dec 28 2020 BuildID: 526068 PackageID: 8.9.11-1 $
07/08/24 09:04:38 ** $CondorPlatform: x86_64_CentOS7 $
07/08/24 09:04:38 ** PID = 88105
07/08/24 09:04:38 ** Log last touched time unavailable (No such file or directory)
07/08/24 09:04:38 ******************************************************
07/08/24 09:04:38 Using config source: /etc/condor/condor_config
07/08/24 09:04:38 Using local config sources: 
07/08/24 09:04:38    /etc/condor/config.d/00_logging
07/08/24 09:04:38    /etc/condor/config.d/00_security
07/08/24 09:04:38    /etc/condor/config.d/20_ganglia
07/08/24 09:04:38    /etc/condor/config.d/20_master_daemons
07/08/24 09:04:38    /etc/condor/config.d/20_schedd
07/08/24 09:04:38    /etc/condor/config.d/20_schedd_limit_num_jobs
07/08/24 09:04:38    /etc/condor/config.d/20_schedd_stats
07/08/24 09:04:38    /etc/condor/config.d/20_schedd_stats_rss
07/08/24 09:04:38    /etc/condor/config.d/20_shared_port
07/08/24 09:04:38    /etc/condor/config.d/20_submit
07/08/24 09:04:38    /etc/condor/config.d/21_submit_singularity
07/08/24 09:04:38    /etc/condor/config.d/60_npx_group_requirement
07/08/24 09:04:38    /usr/local/libexec/condor/sanctioned_users.py |
07/08/24 09:04:38    /etc/condor/config.d/60_npx_sanctioned_queue
07/08/24 09:04:38    /etc/condor/config.d/60_npx_submit
07/08/24 09:04:38    /etc/condor/config.d/60_npx_submit_sane_reqs
07/08/24 09:04:38    /etc/condor/config.d/60_npx_validate_accounting_groups
07/08/24 09:04:38    /etc/condor/config.d/99_block_submissions_group_long
07/08/24 09:04:38    /etc/condor/condor_config.local
07/08/24 09:04:38 config Macros = 157, Sorted = 157, StringBytes = 8638, TablesBytes = 5844
07/08/24 09:04:38 CLASSAD_CACHING is ENABLED
07/08/24 09:04:38 Daemon Log is logging: D_ALWAYS D_ERROR
07/08/24 09:04:38 DaemonCore: No command port requested.
07/08/24 09:04:38 DAGMAN_USE_STRICT setting: 1
07/08/24 09:04:38 DAGMAN_VERBOSITY setting: 3
07/08/24 09:04:38 DAGMAN_DEBUG_CACHE_SIZE setting: 5242880
07/08/24 09:04:38 DAGMAN_DEBUG_CACHE_ENABLE setting: False
07/08/24 09:04:38 DAGMAN_SUBMIT_DELAY setting: 1
07/08/24 09:04:38 DAGMAN_MAX_SUBMIT_ATTEMPTS setting: 6
07/08/24 09:04:38 DAGMAN_STARTUP_CYCLE_DETECT setting: False
07/08/24 09:04:38 DAGMAN_MAX_SUBMITS_PER_INTERVAL setting: 100
07/08/24 09:04:38 DAGMAN_AGGRESSIVE_SUBMIT setting: False
07/08/24 09:04:38 DAGMAN_USER_LOG_SCAN_INTERVAL setting: 5
07/08/24 09:04:38 DAGMAN_QUEUE_UPDATE_INTERVAL setting: 300
07/08/24 09:04:38 DAGMAN_DEFAULT_PRIORITY setting: 0
07/08/24 09:04:38 DAGMAN_SUPPRESS_NOTIFICATION setting: True
07/08/24 09:04:38 allow_events (DAGMAN_ALLOW_EVENTS) setting: 114
07/08/24 09:04:38 DAGMAN_RETRY_SUBMIT_FIRST setting: True
07/08/24 09:04:38 DAGMAN_RETRY_NODE_FIRST setting: False
07/08/24 09:04:38 DAGMAN_MAX_JOBS_IDLE setting: 1000
07/08/24 09:04:38 DAGMAN_MAX_JOBS_SUBMITTED setting: 0
07/08/24 09:04:38 DAGMAN_MAX_PRE_SCRIPTS setting: 20
07/08/24 09:04:38 DAGMAN_MAX_POST_SCRIPTS setting: 20
07/08/24 09:04:38 DAGMAN_MAX_HOLD_SCRIPTS setting: 20
07/08/24 09:04:38 DAGMAN_MUNGE_NODE_NAMES setting: True
07/08/24 09:04:38 DAGMAN_PROHIBIT_MULTI_JOBS setting: False
07/08/24 09:04:38 DAGMAN_SUBMIT_DEPTH_FIRST setting: False
07/08/24 09:04:38 DAGMAN_ALWAYS_RUN_POST setting: False
07/08/24 09:04:38 DAGMAN_CONDOR_SUBMIT_EXE setting: /usr/bin/condor_submit
07/08/24 09:04:38 DAGMAN_USE_CONDOR_SUBMIT setting: True
07/08/24 09:04:38 DAGMAN_ABORT_DUPLICATES setting: True
07/08/24 09:04:38 DAGMAN_ABORT_ON_SCARY_SUBMIT setting: True
07/08/24 09:04:38 DAGMAN_PENDING_REPORT_INTERVAL setting: 600
07/08/24 09:04:38 DAGMAN_AUTO_RESCUE setting: True
07/08/24 09:04:38 DAGMAN_MAX_RESCUE_NUM setting: 100
07/08/24 09:04:38 DAGMAN_WRITE_PARTIAL_RESCUE setting: True
07/08/24 09:04:38 DAGMAN_DEFAULT_NODE_LOG setting: @(DAG_DIR)/@(DAG_FILE).nodes.log
07/08/24 09:04:38 DAGMAN_GENERATE_SUBDAG_SUBMITS setting: True
07/08/24 09:04:38 DAGMAN_MAX_JOB_HOLDS setting: 100
07/08/24 09:04:38 DAGMAN_HOLD_CLAIM_TIME setting: 20
07/08/24 09:04:38 ALL_DEBUG setting: 
07/08/24 09:04:38 DAGMAN_DEBUG setting: 
07/08/24 09:04:38 DAGMAN_SUPPRESS_JOB_LOGS setting: False
07/08/24 09:04:38 DAGMAN_REMOVE_NODE_JOBS setting: True
07/08/24 09:04:38 DAGMAN will adjust edges after parsing
07/08/24 09:04:38 argv[0] == "condor_scheduniv_exec.212903202.0"
07/08/24 09:04:38 argv[1] == "-Lockfile"
07/08/24 09:04:38 argv[2] == "L2_22803_0000000-0000999.dag.lock"
07/08/24 09:04:38 argv[3] == "-AutoRescue"
07/08/24 09:04:38 argv[4] == "1"
07/08/24 09:04:38 argv[5] == "-DoRescueFrom"
07/08/24 09:04:38 argv[6] == "0"
07/08/24 09:04:38 argv[7] == "-Dag"
07/08/24 09:04:38 argv[8] == "L2_22803_0000000-0000999.dag"
07/08/24 09:04:38 argv[9] == "-Suppress_notification"
07/08/24 09:04:38 argv[10] == "-CsdVersion"
07/08/24 09:04:38 argv[11] == "$CondorVersion: 8.9.11 Dec 28 2020 BuildID: 526068 PackageID: 8.9.11-1 $"
07/08/24 09:04:38 argv[12] == "-Dagman"
07/08/24 09:04:38 argv[13] == "/usr/bin/condor_dagman"
07/08/24 09:04:38 Can't open directory "/etc/condor/passwords.d" as PRIV_ROOT, errno: 13 (Permission denied)
07/08/24 09:04:38 Can't open directory "/etc/condor/passwords.d" as PRIV_ROOT, errno: 13 (Permission denied)
07/08/24 09:04:38 Workflow batch-id: <212903202.0>
07/08/24 09:04:38 Workflow batch-name: <L2_22803_0000000-0000999.dag+212903202>
07/08/24 09:04:38 Workflow accounting_group: <>
07/08/24 09:04:38 Workflow accounting_group_user: <>
07/08/24 09:04:38 Warning: failed to get attribute DAGNodeName
07/08/24 09:04:38 DAGMAN_LOG_ON_NFS_IS_ERROR setting: False
07/08/24 09:04:38 Default node log file is: </home/zrechav/SelfVeto_Correlation_Tables/scripts/air_shower_reader/dags/./L2_22803_0000000-0000999.dag.nodes.log>
07/08/24 09:04:38 DAG Lockfile will be written to L2_22803_0000000-0000999.dag.lock
07/08/24 09:04:38 DAG Input file is L2_22803_0000000-0000999.dag
07/08/24 09:04:38 Parsing 1 dagfiles
07/08/24 09:04:38 Parsing L2_22803_0000000-0000999.dag ...
07/08/24 09:04:38 Adjusting edges
07/08/24 09:04:38 Dag contains 10 total jobs
07/08/24 09:04:38 Bootstrapping...
07/08/24 09:04:38 Number of pre-completed nodes: 0
07/08/24 09:04:38 MultiLogFiles: truncating log file /home/zrechav/SelfVeto_Correlation_Tables/scripts/air_shower_reader/dags/./L2_22803_0000000-0000999.dag.nodes.log
07/08/24 09:04:38 DAG status: 0 (DAG_STATUS_OK)
07/08/24 09:04:38 Of 10 nodes total:
07/08/24 09:04:38  Done     Pre   Queued    Post   Ready   Un-Ready   Failed
07/08/24 09:04:38   ===     ===      ===     ===     ===        ===      ===
07/08/24 09:04:38     0       0        0       0      10          0        0
07/08/24 09:04:38 0 job proc(s) currently held
07/08/24 09:04:38 DAGMan Runtime Statistics: [ EventCycleTimeCount = 0.0; EventCycleTimeSum = 0.0; LogProcessCycleTimeCount = 0.0; LogProcessCycleTimeSum = 0.0; SleepCycleTimeCount = 0.0; SleepCycleTimeSum = 0.0; SubmitCycleTimeCount = 0.0; SubmitCycleTimeSum = 0.0; ]
07/08/24 09:04:38 Registering condor_event_timer...
07/08/24 09:04:39 Sleeping for 1 s (DAGMAN_SUBMIT_DELAY) to throttle submissions...
07/08/24 09:04:40 Submitting HTCondor Node propogate_000000 job(s)...
07/08/24 09:04:40 Adding a DAGMan workflow log /home/zrechav/SelfVeto_Correlation_Tables/scripts/air_shower_reader/dags/./L2_22803_0000000-0000999.dag.nodes.log
07/08/24 09:04:40 Masking the events recorded in the DAGMAN workflow log
07/08/24 09:04:40 Mask for workflow log is 0,1,2,4,5,7,9,10,11,12,13,16,17,24,27,35,36
07/08/24 09:04:40 submitting: /usr/bin/condor_submit -a dag_node_name' '=' 'propogate_000000 -a +DAGManJobId' '=' '212903202 -a DAGManJobId' '=' '212903202 -batch-name L2_22803_0000000-0000999.dag+212903202 -batch-id 212903202.0 -a submit_event_notes' '=' 'DAG' 'Node:' 'propogate_000000 -a dagman_log' '=' '/home/zrechav/SelfVeto_Correlation_Tables/scripts/air_shower_reader/dags/./L2_22803_0000000-0000999.dag.nodes.log -a +DAGManNodesMask' '=' '"0,1,2,4,5,7,9,10,11,12,13,16,17,24,27,35,36" -a JOB=propogate_000000 -a infile' '=' '/data/user/zrechav/propagated_corsika/L2_22803/0000000-0000999/Level2_IC86.2023_corsika.022803.000000.i3.zst -a outfile' '=' '/data/user/zrechav/airshowered_corsika/L2_22803/0000000-0000999/airshowered_corsika_22803_000000 -a filenum' '=' '000000 -a DAG_STATUS' '=' '0 -a FAILED_COUNT' '=' '0 -a notification' '=' 'never -a +DAGParentNodeNames' '=' '"" /home/zrechav/SelfVeto_Correlation_Tables/scripts/air_shower_reader/AirShowerReader_NPX.sub
07/08/24 09:04:41 From submit: Submitting job(s).
07/08/24 09:04:41 From submit: 1 job(s) submitted to cluster 212903431.
07/08/24 09:04:41 From submit: WARNING: the line 'JOB = propogate_000000' was unused by condor_submit. Is it a typo?
07/08/24 09:04:41 	assigned HTCondor ID (212903431.0.0)
07/08/24 09:04:41 Sleeping for 1 s (DAGMAN_SUBMIT_DELAY) to throttle submissions...
07/08/24 09:04:42 Submitting HTCondor Node propogate_000001 job(s)...
07/08/24 09:04:42 Adding a DAGMan workflow log /home/zrechav/SelfVeto_Correlation_Tables/scripts/air_shower_reader/dags/./L2_22803_0000000-0000999.dag.nodes.log
07/08/24 09:04:42 Masking the events recorded in the DAGMAN workflow log
07/08/24 09:04:42 Mask for workflow log is 0,1,2,4,5,7,9,10,11,12,13,16,17,24,27,35,36
07/08/24 09:04:42 submitting: /usr/bin/condor_submit -a dag_node_name' '=' 'propogate_000001 -a +DAGManJobId' '=' '212903202 -a DAGManJobId' '=' '212903202 -batch-name L2_22803_0000000-0000999.dag+212903202 -batch-id 212903202.0 -a submit_event_notes' '=' 'DAG' 'Node:' 'propogate_000001 -a dagman_log' '=' '/home/zrechav/SelfVeto_Correlation_Tables/scripts/air_shower_reader/dags/./L2_22803_0000000-0000999.dag.nodes.log -a +DAGManNodesMask' '=' '"0,1,2,4,5,7,9,10,11,12,13,16,17,24,27,35,36" -a JOB=propogate_000001 -a infile' '=' '/data/user/zrechav/propagated_corsika/L2_22803/0000000-0000999/Level2_IC86.2023_corsika.022803.000001.i3.zst -a outfile' '=' '/data/user/zrechav/airshowered_corsika/L2_22803/0000000-0000999/airshowered_corsika_22803_000001 -a filenum' '=' '000001 -a DAG_STATUS' '=' '0 -a FAILED_COUNT' '=' '0 -a notification' '=' 'never -a +DAGParentNodeNames' '=' '"" /home/zrechav/SelfVeto_Correlation_Tables/scripts/air_shower_reader/AirShowerReader_NPX.sub
07/08/24 09:04:42 From submit: Submitting job(s).
07/08/24 09:04:42 From submit: 1 job(s) submitted to cluster 212903436.
07/08/24 09:04:42 From submit: WARNING: the line 'JOB = propogate_000001' was unused by condor_submit. Is it a typo?
07/08/24 09:04:42 	assigned HTCondor ID (212903436.0.0)
07/08/24 09:04:42 Sleeping for 1 s (DAGMAN_SUBMIT_DELAY) to throttle submissions...
07/08/24 09:04:43 Submitting HTCondor Node propogate_000002 job(s)...
07/08/24 09:04:43 Adding a DAGMan workflow log /home/zrechav/SelfVeto_Correlation_Tables/scripts/air_shower_reader/dags/./L2_22803_0000000-0000999.dag.nodes.log
07/08/24 09:04:43 Masking the events recorded in the DAGMAN workflow log
07/08/24 09:04:43 Mask for workflow log is 0,1,2,4,5,7,9,10,11,12,13,16,17,24,27,35,36
07/08/24 09:04:43 submitting: /usr/bin/condor_submit -a dag_node_name' '=' 'propogate_000002 -a +DAGManJobId' '=' '212903202 -a DAGManJobId' '=' '212903202 -batch-name L2_22803_0000000-0000999.dag+212903202 -batch-id 212903202.0 -a submit_event_notes' '=' 'DAG' 'Node:' 'propogate_000002 -a dagman_log' '=' '/home/zrechav/SelfVeto_Correlation_Tables/scripts/air_shower_reader/dags/./L2_22803_0000000-0000999.dag.nodes.log -a +DAGManNodesMask' '=' '"0,1,2,4,5,7,9,10,11,12,13,16,17,24,27,35,36" -a JOB=propogate_000002 -a infile' '=' '/data/user/zrechav/propagated_corsika/L2_22803/0000000-0000999/Level2_IC86.2023_corsika.022803.000002.i3.zst -a outfile' '=' '/data/user/zrechav/airshowered_corsika/L2_22803/0000000-0000999/airshowered_corsika_22803_000002 -a filenum' '=' '000002 -a DAG_STATUS' '=' '0 -a FAILED_COUNT' '=' '0 -a notification' '=' 'never -a +DAGParentNodeNames' '=' '"" /home/zrechav/SelfVeto_Correlation_Tables/scripts/air_shower_reader/AirShowerReader_NPX.sub
07/08/24 09:04:43 From submit: Submitting job(s).
07/08/24 09:04:43 From submit: 1 job(s) submitted to cluster 212903439.
07/08/24 09:04:43 From submit: WARNING: the line 'JOB = propogate_000002' was unused by condor_submit. Is it a typo?
07/08/24 09:04:43 	assigned HTCondor ID (212903439.0.0)
07/08/24 09:04:43 Sleeping for 1 s (DAGMAN_SUBMIT_DELAY) to throttle submissions...
07/08/24 09:04:44 Submitting HTCondor Node propogate_000003 job(s)...
07/08/24 09:04:44 Adding a DAGMan workflow log /home/zrechav/SelfVeto_Correlation_Tables/scripts/air_shower_reader/dags/./L2_22803_0000000-0000999.dag.nodes.log
07/08/24 09:04:44 Masking the events recorded in the DAGMAN workflow log
07/08/24 09:04:44 Mask for workflow log is 0,1,2,4,5,7,9,10,11,12,13,16,17,24,27,35,36
07/08/24 09:04:44 submitting: /usr/bin/condor_submit -a dag_node_name' '=' 'propogate_000003 -a +DAGManJobId' '=' '212903202 -a DAGManJobId' '=' '212903202 -batch-name L2_22803_0000000-0000999.dag+212903202 -batch-id 212903202.0 -a submit_event_notes' '=' 'DAG' 'Node:' 'propogate_000003 -a dagman_log' '=' '/home/zrechav/SelfVeto_Correlation_Tables/scripts/air_shower_reader/dags/./L2_22803_0000000-0000999.dag.nodes.log -a +DAGManNodesMask' '=' '"0,1,2,4,5,7,9,10,11,12,13,16,17,24,27,35,36" -a JOB=propogate_000003 -a infile' '=' '/data/user/zrechav/propagated_corsika/L2_22803/0000000-0000999/Level2_IC86.2023_corsika.022803.000003.i3.zst -a outfile' '=' '/data/user/zrechav/airshowered_corsika/L2_22803/0000000-0000999/airshowered_corsika_22803_000003 -a filenum' '=' '000003 -a DAG_STATUS' '=' '0 -a FAILED_COUNT' '=' '0 -a notification' '=' 'never -a +DAGParentNodeNames' '=' '"" /home/zrechav/SelfVeto_Correlation_Tables/scripts/air_shower_reader/AirShowerReader_NPX.sub
07/08/24 09:04:44 From submit: Submitting job(s).
07/08/24 09:04:44 From submit: 1 job(s) submitted to cluster 212903442.
07/08/24 09:04:44 From submit: WARNING: the line 'JOB = propogate_000003' was unused by condor_submit. Is it a typo?
07/08/24 09:04:44 	assigned HTCondor ID (212903442.0.0)
07/08/24 09:04:44 Sleeping for 1 s (DAGMAN_SUBMIT_DELAY) to throttle submissions...
07/08/24 09:04:45 Submitting HTCondor Node propogate_000004 job(s)...
07/08/24 09:04:45 Adding a DAGMan workflow log /home/zrechav/SelfVeto_Correlation_Tables/scripts/air_shower_reader/dags/./L2_22803_0000000-0000999.dag.nodes.log
07/08/24 09:04:45 Masking the events recorded in the DAGMAN workflow log
07/08/24 09:04:45 Mask for workflow log is 0,1,2,4,5,7,9,10,11,12,13,16,17,24,27,35,36
07/08/24 09:04:45 submitting: /usr/bin/condor_submit -a dag_node_name' '=' 'propogate_000004 -a +DAGManJobId' '=' '212903202 -a DAGManJobId' '=' '212903202 -batch-name L2_22803_0000000-0000999.dag+212903202 -batch-id 212903202.0 -a submit_event_notes' '=' 'DAG' 'Node:' 'propogate_000004 -a dagman_log' '=' '/home/zrechav/SelfVeto_Correlation_Tables/scripts/air_shower_reader/dags/./L2_22803_0000000-0000999.dag.nodes.log -a +DAGManNodesMask' '=' '"0,1,2,4,5,7,9,10,11,12,13,16,17,24,27,35,36" -a JOB=propogate_000004 -a infile' '=' '/data/user/zrechav/propagated_corsika/L2_22803/0000000-0000999/Level2_IC86.2023_corsika.022803.000004.i3.zst -a outfile' '=' '/data/user/zrechav/airshowered_corsika/L2_22803/0000000-0000999/airshowered_corsika_22803_000004 -a filenum' '=' '000004 -a DAG_STATUS' '=' '0 -a FAILED_COUNT' '=' '0 -a notification' '=' 'never -a +DAGParentNodeNames' '=' '"" /home/zrechav/SelfVeto_Correlation_Tables/scripts/air_shower_reader/AirShowerReader_NPX.sub
07/08/24 09:04:46 From submit: Submitting job(s).
07/08/24 09:04:46 From submit: 1 job(s) submitted to cluster 212903445.
07/08/24 09:04:46 From submit: WARNING: the line 'JOB = propogate_000004' was unused by condor_submit. Is it a typo?
07/08/24 09:04:46 	assigned HTCondor ID (212903445.0.0)
07/08/24 09:04:46 Warning: Submit cycle elapsed time (7 s) has exceeded log scan interval (5 s); bailing out of submit loop
07/08/24 09:04:46 Just submitted 5 jobs this cycle...
07/08/24 09:04:46 DAG status: 0 (DAG_STATUS_OK)
07/08/24 09:04:46 Of 10 nodes total:
07/08/24 09:04:46  Done     Pre   Queued    Post   Ready   Un-Ready   Failed
07/08/24 09:04:46   ===     ===      ===     ===     ===        ===      ===
07/08/24 09:04:46     0       0        5       0       5          0        0
07/08/24 09:04:46 0 job proc(s) currently held
07/08/24 09:04:46 DAGMan Runtime Statistics: [ EventCycleTimeCount = 0.0; EventCycleTimeSum = 0.0; LogProcessCycleTimeCount = 0.0; LogProcessCycleTimeSum = 0.0; SleepCycleTimeCount = 0.0; SleepCycleTimeSum = 0.0; SubmitCycleTimeAvg = 6.250279188156128; SubmitCycleTimeCount = 1.0; SubmitCycleTimeMax = 6.250279188156128; SubmitCycleTimeMin = 6.250279188156128; SubmitCycleTimeStd = 6.250279188156128; SubmitCycleTimeSum = 6.250279188156128; ]
07/08/24 09:04:51 Sleeping for 1 s (DAGMAN_SUBMIT_DELAY) to throttle submissions...
07/08/24 09:04:52 Submitting HTCondor Node propogate_000005 job(s)...
07/08/24 09:04:52 Adding a DAGMan workflow log /home/zrechav/SelfVeto_Correlation_Tables/scripts/air_shower_reader/dags/./L2_22803_0000000-0000999.dag.nodes.log
07/08/24 09:04:52 Masking the events recorded in the DAGMAN workflow log
07/08/24 09:04:52 Mask for workflow log is 0,1,2,4,5,7,9,10,11,12,13,16,17,24,27,35,36
07/08/24 09:04:52 submitting: /usr/bin/condor_submit -a dag_node_name' '=' 'propogate_000005 -a +DAGManJobId' '=' '212903202 -a DAGManJobId' '=' '212903202 -batch-name L2_22803_0000000-0000999.dag+212903202 -batch-id 212903202.0 -a submit_event_notes' '=' 'DAG' 'Node:' 'propogate_000005 -a dagman_log' '=' '/home/zrechav/SelfVeto_Correlation_Tables/scripts/air_shower_reader/dags/./L2_22803_0000000-0000999.dag.nodes.log -a +DAGManNodesMask' '=' '"0,1,2,4,5,7,9,10,11,12,13,16,17,24,27,35,36" -a JOB=propogate_000005 -a infile' '=' '/data/user/zrechav/propagated_corsika/L2_22803/0000000-0000999/Level2_IC86.2023_corsika.022803.000005.i3.zst -a outfile' '=' '/data/user/zrechav/airshowered_corsika/L2_22803/0000000-0000999/airshowered_corsika_22803_000005 -a filenum' '=' '000005 -a DAG_STATUS' '=' '0 -a FAILED_COUNT' '=' '0 -a notification' '=' 'never -a +DAGParentNodeNames' '=' '"" /home/zrechav/SelfVeto_Correlation_Tables/scripts/air_shower_reader/AirShowerReader_NPX.sub
07/08/24 09:04:52 From submit: Submitting job(s).
07/08/24 09:04:52 From submit: 1 job(s) submitted to cluster 212903457.
07/08/24 09:04:52 From submit: WARNING: the line 'JOB = propogate_000005' was unused by condor_submit. Is it a typo?
07/08/24 09:04:52 	assigned HTCondor ID (212903457.0.0)
07/08/24 09:04:52 Sleeping for 1 s (DAGMAN_SUBMIT_DELAY) to throttle submissions...
07/08/24 09:04:53 Submitting HTCondor Node propogate_000006 job(s)...
07/08/24 09:04:53 Adding a DAGMan workflow log /home/zrechav/SelfVeto_Correlation_Tables/scripts/air_shower_reader/dags/./L2_22803_0000000-0000999.dag.nodes.log
07/08/24 09:04:53 Masking the events recorded in the DAGMAN workflow log
07/08/24 09:04:53 Mask for workflow log is 0,1,2,4,5,7,9,10,11,12,13,16,17,24,27,35,36
07/08/24 09:04:53 submitting: /usr/bin/condor_submit -a dag_node_name' '=' 'propogate_000006 -a +DAGManJobId' '=' '212903202 -a DAGManJobId' '=' '212903202 -batch-name L2_22803_0000000-0000999.dag+212903202 -batch-id 212903202.0 -a submit_event_notes' '=' 'DAG' 'Node:' 'propogate_000006 -a dagman_log' '=' '/home/zrechav/SelfVeto_Correlation_Tables/scripts/air_shower_reader/dags/./L2_22803_0000000-0000999.dag.nodes.log -a +DAGManNodesMask' '=' '"0,1,2,4,5,7,9,10,11,12,13,16,17,24,27,35,36" -a JOB=propogate_000006 -a infile' '=' '/data/user/zrechav/propagated_corsika/L2_22803/0000000-0000999/Level2_IC86.2023_corsika.022803.000006.i3.zst -a outfile' '=' '/data/user/zrechav/airshowered_corsika/L2_22803/0000000-0000999/airshowered_corsika_22803_000006 -a filenum' '=' '000006 -a DAG_STATUS' '=' '0 -a FAILED_COUNT' '=' '0 -a notification' '=' 'never -a +DAGParentNodeNames' '=' '"" /home/zrechav/SelfVeto_Correlation_Tables/scripts/air_shower_reader/AirShowerReader_NPX.sub
07/08/24 09:04:53 From submit: Submitting job(s).
07/08/24 09:04:53 From submit: 1 job(s) submitted to cluster 212903462.
07/08/24 09:04:53 From submit: WARNING: the line 'JOB = propogate_000006' was unused by condor_submit. Is it a typo?
07/08/24 09:04:53 	assigned HTCondor ID (212903462.0.0)
07/08/24 09:04:53 Sleeping for 1 s (DAGMAN_SUBMIT_DELAY) to throttle submissions...
07/08/24 09:04:54 Submitting HTCondor Node propogate_000007 job(s)...
07/08/24 09:04:54 Adding a DAGMan workflow log /home/zrechav/SelfVeto_Correlation_Tables/scripts/air_shower_reader/dags/./L2_22803_0000000-0000999.dag.nodes.log
07/08/24 09:04:54 Masking the events recorded in the DAGMAN workflow log
07/08/24 09:04:54 Mask for workflow log is 0,1,2,4,5,7,9,10,11,12,13,16,17,24,27,35,36
07/08/24 09:04:54 submitting: /usr/bin/condor_submit -a dag_node_name' '=' 'propogate_000007 -a +DAGManJobId' '=' '212903202 -a DAGManJobId' '=' '212903202 -batch-name L2_22803_0000000-0000999.dag+212903202 -batch-id 212903202.0 -a submit_event_notes' '=' 'DAG' 'Node:' 'propogate_000007 -a dagman_log' '=' '/home/zrechav/SelfVeto_Correlation_Tables/scripts/air_shower_reader/dags/./L2_22803_0000000-0000999.dag.nodes.log -a +DAGManNodesMask' '=' '"0,1,2,4,5,7,9,10,11,12,13,16,17,24,27,35,36" -a JOB=propogate_000007 -a infile' '=' '/data/user/zrechav/propagated_corsika/L2_22803/0000000-0000999/Level2_IC86.2023_corsika.022803.000007.i3.zst -a outfile' '=' '/data/user/zrechav/airshowered_corsika/L2_22803/0000000-0000999/airshowered_corsika_22803_000007 -a filenum' '=' '000007 -a DAG_STATUS' '=' '0 -a FAILED_COUNT' '=' '0 -a notification' '=' 'never -a +DAGParentNodeNames' '=' '"" /home/zrechav/SelfVeto_Correlation_Tables/scripts/air_shower_reader/AirShowerReader_NPX.sub
07/08/24 09:04:54 From submit: Submitting job(s).
07/08/24 09:04:54 From submit: 1 job(s) submitted to cluster 212903465.
07/08/24 09:04:54 From submit: WARNING: the line 'JOB = propogate_000007' was unused by condor_submit. Is it a typo?
07/08/24 09:04:54 	assigned HTCondor ID (212903465.0.0)
07/08/24 09:04:54 Sleeping for 1 s (DAGMAN_SUBMIT_DELAY) to throttle submissions...
07/08/24 09:04:55 Submitting HTCondor Node propogate_000008 job(s)...
07/08/24 09:04:55 Adding a DAGMan workflow log /home/zrechav/SelfVeto_Correlation_Tables/scripts/air_shower_reader/dags/./L2_22803_0000000-0000999.dag.nodes.log
07/08/24 09:04:55 Masking the events recorded in the DAGMAN workflow log
07/08/24 09:04:55 Mask for workflow log is 0,1,2,4,5,7,9,10,11,12,13,16,17,24,27,35,36
07/08/24 09:04:55 submitting: /usr/bin/condor_submit -a dag_node_name' '=' 'propogate_000008 -a +DAGManJobId' '=' '212903202 -a DAGManJobId' '=' '212903202 -batch-name L2_22803_0000000-0000999.dag+212903202 -batch-id 212903202.0 -a submit_event_notes' '=' 'DAG' 'Node:' 'propogate_000008 -a dagman_log' '=' '/home/zrechav/SelfVeto_Correlation_Tables/scripts/air_shower_reader/dags/./L2_22803_0000000-0000999.dag.nodes.log -a +DAGManNodesMask' '=' '"0,1,2,4,5,7,9,10,11,12,13,16,17,24,27,35,36" -a JOB=propogate_000008 -a infile' '=' '/data/user/zrechav/propagated_corsika/L2_22803/0000000-0000999/Level2_IC86.2023_corsika.022803.000008.i3.zst -a outfile' '=' '/data/user/zrechav/airshowered_corsika/L2_22803/0000000-0000999/airshowered_corsika_22803_000008 -a filenum' '=' '000008 -a DAG_STATUS' '=' '0 -a FAILED_COUNT' '=' '0 -a notification' '=' 'never -a +DAGParentNodeNames' '=' '"" /home/zrechav/SelfVeto_Correlation_Tables/scripts/air_shower_reader/AirShowerReader_NPX.sub
07/08/24 09:04:56 From submit: Submitting job(s).
07/08/24 09:04:56 From submit: 1 job(s) submitted to cluster 212903468.
07/08/24 09:04:56 From submit: WARNING: the line 'JOB = propogate_000008' was unused by condor_submit. Is it a typo?
07/08/24 09:04:56 	assigned HTCondor ID (212903468.0.0)
07/08/24 09:04:56 Sleeping for 1 s (DAGMAN_SUBMIT_DELAY) to throttle submissions...
07/08/24 09:04:57 Submitting HTCondor Node propogate_000009 job(s)...
07/08/24 09:04:57 Adding a DAGMan workflow log /home/zrechav/SelfVeto_Correlation_Tables/scripts/air_shower_reader/dags/./L2_22803_0000000-0000999.dag.nodes.log
07/08/24 09:04:57 Masking the events recorded in the DAGMAN workflow log
07/08/24 09:04:57 Mask for workflow log is 0,1,2,4,5,7,9,10,11,12,13,16,17,24,27,35,36
07/08/24 09:04:57 submitting: /usr/bin/condor_submit -a dag_node_name' '=' 'propogate_000009 -a +DAGManJobId' '=' '212903202 -a DAGManJobId' '=' '212903202 -batch-name L2_22803_0000000-0000999.dag+212903202 -batch-id 212903202.0 -a submit_event_notes' '=' 'DAG' 'Node:' 'propogate_000009 -a dagman_log' '=' '/home/zrechav/SelfVeto_Correlation_Tables/scripts/air_shower_reader/dags/./L2_22803_0000000-0000999.dag.nodes.log -a +DAGManNodesMask' '=' '"0,1,2,4,5,7,9,10,11,12,13,16,17,24,27,35,36" -a JOB=propogate_000009 -a infile' '=' '/data/user/zrechav/propagated_corsika/L2_22803/0000000-0000999/Level2_IC86.2023_corsika.022803.000009.i3.zst -a outfile' '=' '/data/user/zrechav/airshowered_corsika/L2_22803/0000000-0000999/airshowered_corsika_22803_000009 -a filenum' '=' '000009 -a DAG_STATUS' '=' '0 -a FAILED_COUNT' '=' '0 -a notification' '=' 'never -a +DAGParentNodeNames' '=' '"" /home/zrechav/SelfVeto_Correlation_Tables/scripts/air_shower_reader/AirShowerReader_NPX.sub
07/08/24 09:04:57 From submit: Submitting job(s).
07/08/24 09:04:57 From submit: 1 job(s) submitted to cluster 212903471.
07/08/24 09:04:57 From submit: WARNING: the line 'JOB = propogate_000009' was unused by condor_submit. Is it a typo?
07/08/24 09:04:57 	assigned HTCondor ID (212903471.0.0)
07/08/24 09:04:57 Just submitted 5 jobs this cycle...
07/08/24 09:04:57 Currently monitoring 1 HTCondor log file(s)
07/08/24 09:04:57 Reassigning the id of job propogate_000000 from (212903431.0.0) to (212903431.0.0)
07/08/24 09:04:57 Event: ULOG_SUBMIT for HTCondor Node propogate_000000 (212903431.0.0) {07/08/24 09:04:41}
07/08/24 09:04:57 Number of idle job procs: 1
07/08/24 09:04:57 Reassigning the id of job propogate_000001 from (212903436.0.0) to (212903436.0.0)
07/08/24 09:04:57 Event: ULOG_SUBMIT for HTCondor Node propogate_000001 (212903436.0.0) {07/08/24 09:04:42}
07/08/24 09:04:57 Number of idle job procs: 2
07/08/24 09:04:57 Reassigning the id of job propogate_000002 from (212903439.0.0) to (212903439.0.0)
07/08/24 09:04:57 Event: ULOG_SUBMIT for HTCondor Node propogate_000002 (212903439.0.0) {07/08/24 09:04:43}
07/08/24 09:04:57 Number of idle job procs: 3
07/08/24 09:04:57 Reassigning the id of job propogate_000003 from (212903442.0.0) to (212903442.0.0)
07/08/24 09:04:57 Event: ULOG_SUBMIT for HTCondor Node propogate_000003 (212903442.0.0) {07/08/24 09:04:44}
07/08/24 09:04:57 Number of idle job procs: 4
07/08/24 09:04:57 Reassigning the id of job propogate_000004 from (212903445.0.0) to (212903445.0.0)
07/08/24 09:04:57 Event: ULOG_SUBMIT for HTCondor Node propogate_000004 (212903445.0.0) {07/08/24 09:04:46}
07/08/24 09:04:57 Number of idle job procs: 5
07/08/24 09:04:57 Reassigning the id of job propogate_000005 from (212903457.0.0) to (212903457.0.0)
07/08/24 09:04:57 Event: ULOG_SUBMIT for HTCondor Node propogate_000005 (212903457.0.0) {07/08/24 09:04:52}
07/08/24 09:04:57 Number of idle job procs: 6
07/08/24 09:04:57 Reassigning the id of job propogate_000006 from (212903462.0.0) to (212903462.0.0)
07/08/24 09:04:57 Event: ULOG_SUBMIT for HTCondor Node propogate_000006 (212903462.0.0) {07/08/24 09:04:53}
07/08/24 09:04:57 Number of idle job procs: 7
07/08/24 09:04:57 Reassigning the id of job propogate_000007 from (212903465.0.0) to (212903465.0.0)
07/08/24 09:04:57 Event: ULOG_SUBMIT for HTCondor Node propogate_000007 (212903465.0.0) {07/08/24 09:04:54}
07/08/24 09:04:57 Number of idle job procs: 8
07/08/24 09:04:57 Reassigning the id of job propogate_000008 from (212903468.0.0) to (212903468.0.0)
07/08/24 09:04:57 Event: ULOG_SUBMIT for HTCondor Node propogate_000008 (212903468.0.0) {07/08/24 09:04:56}
07/08/24 09:04:57 Number of idle job procs: 9
07/08/24 09:04:57 Reassigning the id of job propogate_000009 from (212903471.0.0) to (212903471.0.0)
07/08/24 09:04:57 Event: ULOG_SUBMIT for HTCondor Node propogate_000009 (212903471.0.0) {07/08/24 09:04:57}
07/08/24 09:04:57 Number of idle job procs: 10
07/08/24 09:04:57 DAG status: 0 (DAG_STATUS_OK)
07/08/24 09:04:57 Of 10 nodes total:
07/08/24 09:04:57  Done     Pre   Queued    Post   Ready   Un-Ready   Failed
07/08/24 09:04:57   ===     ===      ===     ===     ===        ===      ===
07/08/24 09:04:57     0       0       10       0       0          0        0
07/08/24 09:04:57 0 job proc(s) currently held
07/08/24 09:04:57 DAGMan Runtime Statistics: [ EventCycleTimeAvg = 6.250487089157104; EventCycleTimeCount = 1.0; EventCycleTimeMax = 6.250487089157104; EventCycleTimeMin = 6.250487089157104; EventCycleTimeStd = 6.250487089157104; EventCycleTimeSum = 6.250487089157104; LogProcessCycleTimeAvg = 0.0004949569702148438; LogProcessCycleTimeCount = 1.0; LogProcessCycleTimeMax = 0.0004949569702148438; LogProcessCycleTimeMin = 0.0004949569702148438; LogProcessCycleTimeStd = 0.0004949569702148438; LogProcessCycleTimeSum = 0.0004949569702148438; SleepCycleTimeAvg = 5.005253791809082; SleepCycleTimeCount = 1.0; SleepCycleTimeMax = 5.005253791809082; SleepCycleTimeMin = 5.005253791809082; SleepCycleTimeStd = 5.005253791809082; SleepCycleTimeSum = 5.005253791809082; SubmitCycleTimeAvg = 6.201849579811096; SubmitCycleTimeCount = 2.0; SubmitCycleTimeMax = 6.250279188156128; SubmitCycleTimeMin = 6.153419971466064; SubmitCycleTimeStd = 0.06848980894196111; SubmitCycleTimeSum = 12.40369915962219; ]
07/08/24 09:05:02 Currently monitoring 1 HTCondor log file(s)
07/08/24 09:07:42 Currently monitoring 1 HTCondor log file(s)
07/08/24 09:07:42 Event: ULOG_EXECUTE for HTCondor Node propogate_000000 (212903431.0.0) {07/08/24 09:07:37}
07/08/24 09:07:42 Number of idle job procs: 9
07/08/24 09:10:37 Currently monitoring 1 HTCondor log file(s)
07/08/24 09:10:37 Event: ULOG_EXECUTE for HTCondor Node propogate_000001 (212903436.0.0) {07/08/24 09:10:37}
07/08/24 09:10:37 Number of idle job procs: 8
07/08/24 09:11:42 Currently monitoring 1 HTCondor log file(s)
07/08/24 09:11:42 Event: ULOG_EXECUTE for HTCondor Node propogate_000002 (212903439.0.0) {07/08/24 09:11:38}
07/08/24 09:11:42 Number of idle job procs: 7
07/08/24 09:11:42 Event: ULOG_EXECUTE for HTCondor Node propogate_000005 (212903457.0.0) {07/08/24 09:11:38}
07/08/24 09:11:42 Number of idle job procs: 6
07/08/24 09:11:42 Event: ULOG_EXECUTE for HTCondor Node propogate_000003 (212903442.0.0) {07/08/24 09:11:38}
07/08/24 09:11:42 Number of idle job procs: 5
07/08/24 09:11:42 Event: ULOG_EXECUTE for HTCondor Node propogate_000006 (212903462.0.0) {07/08/24 09:11:38}
07/08/24 09:11:42 Number of idle job procs: 4
07/08/24 09:11:42 Event: ULOG_EXECUTE for HTCondor Node propogate_000004 (212903445.0.0) {07/08/24 09:11:38}
07/08/24 09:11:42 Number of idle job procs: 3
07/08/24 09:11:42 Event: ULOG_JOB_TERMINATED for HTCondor Node propogate_000003 (212903442.0.0) {07/08/24 09:11:38}
07/08/24 09:11:42 Number of idle job procs: 3
07/08/24 09:11:42 Node propogate_000003 job proc (212903442.0.0) failed with status 255.
07/08/24 09:11:42 Retrying node propogate_000003 (retry #1 of 2)...
07/08/24 09:11:42 Event: ULOG_EXECUTE for HTCondor Node propogate_000007 (212903465.0.0) {07/08/24 09:11:38}
07/08/24 09:11:42 Number of idle job procs: 2
07/08/24 09:11:42 Event: ULOG_JOB_TERMINATED for HTCondor Node propogate_000006 (212903462.0.0) {07/08/24 09:11:38}
07/08/24 09:11:42 Number of idle job procs: 2
07/08/24 09:11:42 Node propogate_000006 job proc (212903462.0.0) failed with status 255.
07/08/24 09:11:42 Retrying node propogate_000006 (retry #1 of 2)...
07/08/24 09:11:42 Event: ULOG_EXECUTE for HTCondor Node propogate_000008 (212903468.0.0) {07/08/24 09:11:38}
07/08/24 09:11:42 Number of idle job procs: 1
07/08/24 09:11:42 Event: ULOG_JOB_TERMINATED for HTCondor Node propogate_000007 (212903465.0.0) {07/08/24 09:11:38}
07/08/24 09:11:42 Number of idle job procs: 1
07/08/24 09:11:42 Node propogate_000007 job proc (212903465.0.0) failed with status 255.
07/08/24 09:11:42 Retrying node propogate_000007 (retry #1 of 2)...
07/08/24 09:11:42 Event: ULOG_EXECUTE for HTCondor Node propogate_000009 (212903471.0.0) {07/08/24 09:11:38}
07/08/24 09:11:42 Number of idle job procs: 0
07/08/24 09:11:42 Event: ULOG_JOB_TERMINATED for HTCondor Node propogate_000008 (212903468.0.0) {07/08/24 09:11:38}
07/08/24 09:11:42 Number of idle job procs: 0
07/08/24 09:11:42 Node propogate_000008 job proc (212903468.0.0) failed with status 255.
07/08/24 09:11:42 Retrying node propogate_000008 (retry #1 of 2)...
07/08/24 09:11:42 Event: ULOG_JOB_TERMINATED for HTCondor Node propogate_000009 (212903471.0.0) {07/08/24 09:11:39}
07/08/24 09:11:42 Number of idle job procs: 0
07/08/24 09:11:42 Node propogate_000009 job proc (212903471.0.0) failed with status 255.
07/08/24 09:11:42 Retrying node propogate_000009 (retry #1 of 2)...
07/08/24 09:11:42 DAG status: 0 (DAG_STATUS_OK)
07/08/24 09:11:42 Of 10 nodes total:
07/08/24 09:11:42  Done     Pre   Queued    Post   Ready   Un-Ready   Failed
07/08/24 09:11:42   ===     ===      ===     ===     ===        ===      ===
07/08/24 09:11:42     0       0        5       0       5          0        0
07/08/24 09:11:42 0 job proc(s) currently held
07/08/24 09:11:42 DAGMan Runtime Statistics: [ EventCycleTimeAvg = 0.1514169646472466; EventCycleTimeCount = 82.0; EventCycleTimeMax = 6.250487089157104; EventCycleTimeMin = 2.694129943847656E-05; EventCycleTimeStd = 0.9626732491823319; EventCycleTimeSum = 12.41619110107422; LogProcessCycleTimeAvg = 0.0003553390502929688; LogProcessCycleTimeCount = 5.0; LogProcessCycleTimeMax = 0.0009341239929199219; LogProcessCycleTimeMin = 8.893013000488281E-05; LogProcessCycleTimeStd = 0.0003631914270608183; LogProcessCycleTimeSum = 0.001776695251464844; SleepCycleTimeAvg = 5.004901961582463; SleepCycleTimeCount = 82.0; SleepCycleTimeMax = 5.005714178085327; SleepCycleTimeMin = 5.001423120498657; SleepCycleTimeStd = 0.0006765270279617642; SleepCycleTimeSum = 410.401960849762; SubmitCycleTimeAvg = 0.1494740635515696; SubmitCycleTimeCount = 83.0; SubmitCycleTimeMax = 6.250279188156128; SubmitCycleTimeMin = 6.914138793945312E-06; SubmitCycleTimeStd = 0.9568504007405932; SubmitCycleTimeSum = 12.40634727478027; ]
07/08/24 09:11:47 Reassigning the id of job propogate_000003 from (212903442.0.0) to (-1.-1.-1)
07/08/24 09:11:47 Sleeping for 1 s (DAGMAN_SUBMIT_DELAY) to throttle submissions...
07/08/24 09:11:48 Submitting HTCondor Node propogate_000003 job(s)...
07/08/24 09:11:48 Adding a DAGMan workflow log /home/zrechav/SelfVeto_Correlation_Tables/scripts/air_shower_reader/dags/./L2_22803_0000000-0000999.dag.nodes.log
07/08/24 09:11:48 Masking the events recorded in the DAGMAN workflow log
07/08/24 09:11:48 Mask for workflow log is 0,1,2,4,5,7,9,10,11,12,13,16,17,24,27,35,36
07/08/24 09:11:48 submitting: /usr/bin/condor_submit -a dag_node_name' '=' 'propogate_000003 -a +DAGManJobId' '=' '212903202 -a DAGManJobId' '=' '212903202 -batch-name L2_22803_0000000-0000999.dag+212903202 -batch-id 212903202.0 -a submit_event_notes' '=' 'DAG' 'Node:' 'propogate_000003 -a dagman_log' '=' '/home/zrechav/SelfVeto_Correlation_Tables/scripts/air_shower_reader/dags/./L2_22803_0000000-0000999.dag.nodes.log -a +DAGManNodesMask' '=' '"0,1,2,4,5,7,9,10,11,12,13,16,17,24,27,35,36" -a JOB=propogate_000003 -a infile' '=' '/data/user/zrechav/propagated_corsika/L2_22803/0000000-0000999/Level2_IC86.2023_corsika.022803.000003.i3.zst -a outfile' '=' '/data/user/zrechav/airshowered_corsika/L2_22803/0000000-0000999/airshowered_corsika_22803_000003 -a filenum' '=' '000003 -a DAG_STATUS' '=' '0 -a FAILED_COUNT' '=' '0 -a notification' '=' 'never -a +DAGParentNodeNames' '=' '"" /home/zrechav/SelfVeto_Correlation_Tables/scripts/air_shower_reader/AirShowerReader_NPX.sub
07/08/24 09:11:49 From submit: Submitting job(s).
07/08/24 09:11:49 From submit: 1 job(s) submitted to cluster 212904182.
07/08/24 09:11:49 From submit: WARNING: the line 'JOB = propogate_000003' was unused by condor_submit. Is it a typo?
07/08/24 09:11:49 	assigned HTCondor ID (212904182.0.0)
07/08/24 09:11:49 Reassigning the id of job propogate_000006 from (212903462.0.0) to (-1.-1.-1)
07/08/24 09:11:49 Sleeping for 1 s (DAGMAN_SUBMIT_DELAY) to throttle submissions...
07/08/24 09:11:50 Submitting HTCondor Node propogate_000006 job(s)...
07/08/24 09:11:50 Adding a DAGMan workflow log /home/zrechav/SelfVeto_Correlation_Tables/scripts/air_shower_reader/dags/./L2_22803_0000000-0000999.dag.nodes.log
07/08/24 09:11:50 Masking the events recorded in the DAGMAN workflow log
07/08/24 09:11:50 Mask for workflow log is 0,1,2,4,5,7,9,10,11,12,13,16,17,24,27,35,36
07/08/24 09:11:50 submitting: /usr/bin/condor_submit -a dag_node_name' '=' 'propogate_000006 -a +DAGManJobId' '=' '212903202 -a DAGManJobId' '=' '212903202 -batch-name L2_22803_0000000-0000999.dag+212903202 -batch-id 212903202.0 -a submit_event_notes' '=' 'DAG' 'Node:' 'propogate_000006 -a dagman_log' '=' '/home/zrechav/SelfVeto_Correlation_Tables/scripts/air_shower_reader/dags/./L2_22803_0000000-0000999.dag.nodes.log -a +DAGManNodesMask' '=' '"0,1,2,4,5,7,9,10,11,12,13,16,17,24,27,35,36" -a JOB=propogate_000006 -a infile' '=' '/data/user/zrechav/propagated_corsika/L2_22803/0000000-0000999/Level2_IC86.2023_corsika.022803.000006.i3.zst -a outfile' '=' '/data/user/zrechav/airshowered_corsika/L2_22803/0000000-0000999/airshowered_corsika_22803_000006 -a filenum' '=' '000006 -a DAG_STATUS' '=' '0 -a FAILED_COUNT' '=' '0 -a notification' '=' 'never -a +DAGParentNodeNames' '=' '"" /home/zrechav/SelfVeto_Correlation_Tables/scripts/air_shower_reader/AirShowerReader_NPX.sub
07/08/24 09:11:50 From submit: Submitting job(s).
07/08/24 09:11:50 From submit: 1 job(s) submitted to cluster 212904185.
07/08/24 09:11:50 From submit: WARNING: the line 'JOB = propogate_000006' was unused by condor_submit. Is it a typo?
07/08/24 09:11:50 	assigned HTCondor ID (212904185.0.0)
07/08/24 09:11:50 Reassigning the id of job propogate_000007 from (212903465.0.0) to (-1.-1.-1)
07/08/24 09:11:50 Sleeping for 1 s (DAGMAN_SUBMIT_DELAY) to throttle submissions...
07/08/24 09:11:51 Submitting HTCondor Node propogate_000007 job(s)...
07/08/24 09:11:51 Adding a DAGMan workflow log /home/zrechav/SelfVeto_Correlation_Tables/scripts/air_shower_reader/dags/./L2_22803_0000000-0000999.dag.nodes.log
07/08/24 09:11:51 Masking the events recorded in the DAGMAN workflow log
07/08/24 09:11:51 Mask for workflow log is 0,1,2,4,5,7,9,10,11,12,13,16,17,24,27,35,36
07/08/24 09:11:51 submitting: /usr/bin/condor_submit -a dag_node_name' '=' 'propogate_000007 -a +DAGManJobId' '=' '212903202 -a DAGManJobId' '=' '212903202 -batch-name L2_22803_0000000-0000999.dag+212903202 -batch-id 212903202.0 -a submit_event_notes' '=' 'DAG' 'Node:' 'propogate_000007 -a dagman_log' '=' '/home/zrechav/SelfVeto_Correlation_Tables/scripts/air_shower_reader/dags/./L2_22803_0000000-0000999.dag.nodes.log -a +DAGManNodesMask' '=' '"0,1,2,4,5,7,9,10,11,12,13,16,17,24,27,35,36" -a JOB=propogate_000007 -a infile' '=' '/data/user/zrechav/propagated_corsika/L2_22803/0000000-0000999/Level2_IC86.2023_corsika.022803.000007.i3.zst -a outfile' '=' '/data/user/zrechav/airshowered_corsika/L2_22803/0000000-0000999/airshowered_corsika_22803_000007 -a filenum' '=' '000007 -a DAG_STATUS' '=' '0 -a FAILED_COUNT' '=' '0 -a notification' '=' 'never -a +DAGParentNodeNames' '=' '"" /home/zrechav/SelfVeto_Correlation_Tables/scripts/air_shower_reader/AirShowerReader_NPX.sub
07/08/24 09:11:51 From submit: Submitting job(s).
07/08/24 09:11:51 From submit: 1 job(s) submitted to cluster 212904189.
07/08/24 09:11:51 From submit: WARNING: the line 'JOB = propogate_000007' was unused by condor_submit. Is it a typo?
07/08/24 09:11:51 	assigned HTCondor ID (212904189.0.0)
07/08/24 09:11:51 Reassigning the id of job propogate_000008 from (212903468.0.0) to (-1.-1.-1)
07/08/24 09:11:51 Sleeping for 1 s (DAGMAN_SUBMIT_DELAY) to throttle submissions...
07/08/24 09:11:52 Submitting HTCondor Node propogate_000008 job(s)...
07/08/24 09:11:52 Adding a DAGMan workflow log /home/zrechav/SelfVeto_Correlation_Tables/scripts/air_shower_reader/dags/./L2_22803_0000000-0000999.dag.nodes.log
07/08/24 09:11:52 Masking the events recorded in the DAGMAN workflow log
07/08/24 09:11:52 Mask for workflow log is 0,1,2,4,5,7,9,10,11,12,13,16,17,24,27,35,36
07/08/24 09:11:52 submitting: /usr/bin/condor_submit -a dag_node_name' '=' 'propogate_000008 -a +DAGManJobId' '=' '212903202 -a DAGManJobId' '=' '212903202 -batch-name L2_22803_0000000-0000999.dag+212903202 -batch-id 212903202.0 -a submit_event_notes' '=' 'DAG' 'Node:' 'propogate_000008 -a dagman_log' '=' '/home/zrechav/SelfVeto_Correlation_Tables/scripts/air_shower_reader/dags/./L2_22803_0000000-0000999.dag.nodes.log -a +DAGManNodesMask' '=' '"0,1,2,4,5,7,9,10,11,12,13,16,17,24,27,35,36" -a JOB=propogate_000008 -a infile' '=' '/data/user/zrechav/propagated_corsika/L2_22803/0000000-0000999/Level2_IC86.2023_corsika.022803.000008.i3.zst -a outfile' '=' '/data/user/zrechav/airshowered_corsika/L2_22803/0000000-0000999/airshowered_corsika_22803_000008 -a filenum' '=' '000008 -a DAG_STATUS' '=' '0 -a FAILED_COUNT' '=' '0 -a notification' '=' 'never -a +DAGParentNodeNames' '=' '"" /home/zrechav/SelfVeto_Correlation_Tables/scripts/air_shower_reader/AirShowerReader_NPX.sub
07/08/24 09:11:52 From submit: Submitting job(s).
07/08/24 09:11:52 From submit: 1 job(s) submitted to cluster 212904193.
07/08/24 09:11:52 From submit: WARNING: the line 'JOB = propogate_000008' was unused by condor_submit. Is it a typo?
07/08/24 09:11:52 	assigned HTCondor ID (212904193.0.0)
07/08/24 09:11:52 Reassigning the id of job propogate_000009 from (212903471.0.0) to (-1.-1.-1)
07/08/24 09:11:52 Sleeping for 1 s (DAGMAN_SUBMIT_DELAY) to throttle submissions...
07/08/24 09:11:53 Submitting HTCondor Node propogate_000009 job(s)...
07/08/24 09:11:53 Adding a DAGMan workflow log /home/zrechav/SelfVeto_Correlation_Tables/scripts/air_shower_reader/dags/./L2_22803_0000000-0000999.dag.nodes.log
07/08/24 09:11:53 Masking the events recorded in the DAGMAN workflow log
07/08/24 09:11:53 Mask for workflow log is 0,1,2,4,5,7,9,10,11,12,13,16,17,24,27,35,36
07/08/24 09:11:53 submitting: /usr/bin/condor_submit -a dag_node_name' '=' 'propogate_000009 -a +DAGManJobId' '=' '212903202 -a DAGManJobId' '=' '212903202 -batch-name L2_22803_0000000-0000999.dag+212903202 -batch-id 212903202.0 -a submit_event_notes' '=' 'DAG' 'Node:' 'propogate_000009 -a dagman_log' '=' '/home/zrechav/SelfVeto_Correlation_Tables/scripts/air_shower_reader/dags/./L2_22803_0000000-0000999.dag.nodes.log -a +DAGManNodesMask' '=' '"0,1,2,4,5,7,9,10,11,12,13,16,17,24,27,35,36" -a JOB=propogate_000009 -a infile' '=' '/data/user/zrechav/propagated_corsika/L2_22803/0000000-0000999/Level2_IC86.2023_corsika.022803.000009.i3.zst -a outfile' '=' '/data/user/zrechav/airshowered_corsika/L2_22803/0000000-0000999/airshowered_corsika_22803_000009 -a filenum' '=' '000009 -a DAG_STATUS' '=' '0 -a FAILED_COUNT' '=' '0 -a notification' '=' 'never -a +DAGParentNodeNames' '=' '"" /home/zrechav/SelfVeto_Correlation_Tables/scripts/air_shower_reader/AirShowerReader_NPX.sub
07/08/24 09:11:53 From submit: Submitting job(s).
07/08/24 09:11:53 From submit: 1 job(s) submitted to cluster 212904197.
07/08/24 09:11:53 From submit: WARNING: the line 'JOB = propogate_000009' was unused by condor_submit. Is it a typo?
07/08/24 09:11:53 	assigned HTCondor ID (212904197.0.0)
07/08/24 09:11:53 Just submitted 5 jobs this cycle...
07/08/24 09:11:53 DAG status: 0 (DAG_STATUS_OK)
07/08/24 09:11:53 Of 10 nodes total:
07/08/24 09:11:53  Done     Pre   Queued    Post   Ready   Un-Ready   Failed
07/08/24 09:11:53   ===     ===      ===     ===     ===        ===      ===
07/08/24 09:11:53     0       0       10       0       0          0        0
07/08/24 09:11:53 0 job proc(s) currently held
07/08/24 09:11:53 DAGMan Runtime Statistics: [ EventCycleTimeAvg = 0.1496094106191612; EventCycleTimeCount = 83.0; EventCycleTimeMax = 6.250487089157104; EventCycleTimeMin = 2.694129943847656E-05; EventCycleTimeStd = 0.9569269887926457; EventCycleTimeSum = 12.41758108139038; LogProcessCycleTimeAvg = 0.0003553390502929688; LogProcessCycleTimeCount = 5.0; LogProcessCycleTimeMax = 0.0009341239929199219; LogProcessCycleTimeMin = 8.893013000488281E-05; LogProcessCycleTimeStd = 0.0003631914270608183; LogProcessCycleTimeSum = 0.001776695251464844; SleepCycleTimeAvg = 5.004904939467648; SleepCycleTimeCount = 83.0; SleepCycleTimeMax = 5.005714178085327; SleepCycleTimeMin = 5.001423120498657; SleepCycleTimeStd = 0.0006729363073998964; SleepCycleTimeSum = 415.4071099758148; SubmitCycleTimeAvg = 0.2193507637296404; SubmitCycleTimeCount = 84.0; SubmitCycleTimeMax = 6.250279188156128; SubmitCycleTimeMin = 6.914138793945312E-06; SubmitCycleTimeStd = 1.146596304178042; SubmitCycleTimeSum = 18.42546415328979; ]
07/08/24 09:11:58 Currently monitoring 1 HTCondor log file(s)
07/08/24 09:11:58 Reassigning the id of job propogate_000003 from (212904182.0.0) to (212904182.0.0)
07/08/24 09:11:58 Event: ULOG_SUBMIT for HTCondor Node propogate_000003 (212904182.0.0) {07/08/24 09:11:49}
07/08/24 09:11:58 Number of idle job procs: 1
07/08/24 09:11:58 Reassigning the id of job propogate_000006 from (212904185.0.0) to (212904185.0.0)
07/08/24 09:11:58 Event: ULOG_SUBMIT for HTCondor Node propogate_000006 (212904185.0.0) {07/08/24 09:11:50}
07/08/24 09:11:58 Number of idle job procs: 2
07/08/24 09:11:58 Reassigning the id of job propogate_000007 from (212904189.0.0) to (212904189.0.0)
07/08/24 09:11:58 Event: ULOG_SUBMIT for HTCondor Node propogate_000007 (212904189.0.0) {07/08/24 09:11:51}
07/08/24 09:11:58 Number of idle job procs: 3
07/08/24 09:11:58 Reassigning the id of job propogate_000008 from (212904193.0.0) to (212904193.0.0)
07/08/24 09:11:58 Event: ULOG_SUBMIT for HTCondor Node propogate_000008 (212904193.0.0) {07/08/24 09:11:52}
07/08/24 09:11:58 Number of idle job procs: 4
07/08/24 09:11:58 Reassigning the id of job propogate_000009 from (212904197.0.0) to (212904197.0.0)
07/08/24 09:11:58 Event: ULOG_SUBMIT for HTCondor Node propogate_000009 (212904197.0.0) {07/08/24 09:11:53}
07/08/24 09:11:58 Number of idle job procs: 5
07/08/24 09:12:28 Currently monitoring 1 HTCondor log file(s)
07/08/24 09:12:28 Event: ULOG_EXECUTE for HTCondor Node propogate_000006 (212904185.0.0) {07/08/24 09:12:28}
07/08/24 09:12:28 Number of idle job procs: 4
07/08/24 09:12:33 Currently monitoring 1 HTCondor log file(s)
07/08/24 09:12:33 Event: ULOG_EXECUTE for HTCondor Node propogate_000007 (212904189.0.0) {07/08/24 09:12:29}
07/08/24 09:12:33 Number of idle job procs: 3
07/08/24 09:12:33 Event: ULOG_JOB_TERMINATED for HTCondor Node propogate_000006 (212904185.0.0) {07/08/24 09:12:29}
07/08/24 09:12:33 Number of idle job procs: 3
07/08/24 09:12:33 Node propogate_000006 job proc (212904185.0.0) failed with status 255.
07/08/24 09:12:33 Retrying node propogate_000006 (retry #2 of 2)...
07/08/24 09:12:33 Event: ULOG_EXECUTE for HTCondor Node propogate_000008 (212904193.0.0) {07/08/24 09:12:29}
07/08/24 09:12:33 Number of idle job procs: 2
07/08/24 09:12:33 Event: ULOG_JOB_TERMINATED for HTCondor Node propogate_000007 (212904189.0.0) {07/08/24 09:12:29}
07/08/24 09:12:33 Number of idle job procs: 2
07/08/24 09:12:33 Node propogate_000007 job proc (212904189.0.0) failed with status 255.
07/08/24 09:12:33 Retrying node propogate_000007 (retry #2 of 2)...
07/08/24 09:12:33 Event: ULOG_EXECUTE for HTCondor Node propogate_000009 (212904197.0.0) {07/08/24 09:12:29}
07/08/24 09:12:33 Number of idle job procs: 1
07/08/24 09:12:33 Event: ULOG_JOB_TERMINATED for HTCondor Node propogate_000008 (212904193.0.0) {07/08/24 09:12:29}
07/08/24 09:12:33 Number of idle job procs: 1
07/08/24 09:12:33 Node propogate_000008 job proc (212904193.0.0) failed with status 255.
07/08/24 09:12:33 Retrying node propogate_000008 (retry #2 of 2)...
07/08/24 09:12:33 Event: ULOG_JOB_TERMINATED for HTCondor Node propogate_000009 (212904197.0.0) {07/08/24 09:12:29}
07/08/24 09:12:33 Number of idle job procs: 1
07/08/24 09:12:33 Node propogate_000009 job proc (212904197.0.0) failed with status 255.
07/08/24 09:12:33 Retrying node propogate_000009 (retry #2 of 2)...
07/08/24 09:12:33 Event: ULOG_EXECUTE for HTCondor Node propogate_000003 (212904182.0.0) {07/08/24 09:12:29}
07/08/24 09:12:33 Number of idle job procs: 0
07/08/24 09:12:33 Event: ULOG_JOB_TERMINATED for HTCondor Node propogate_000003 (212904182.0.0) {07/08/24 09:12:29}
07/08/24 09:12:33 Number of idle job procs: 0
07/08/24 09:12:33 Node propogate_000003 job proc (212904182.0.0) failed with status 255.
07/08/24 09:12:33 Retrying node propogate_000003 (retry #2 of 2)...
07/08/24 09:12:33 DAG status: 0 (DAG_STATUS_OK)
07/08/24 09:12:33 Of 10 nodes total:
07/08/24 09:12:33  Done     Pre   Queued    Post   Ready   Un-Ready   Failed
07/08/24 09:12:33   ===     ===      ===     ===     ===        ===      ===
07/08/24 09:12:33     0       0        5       0       5          0        0
07/08/24 09:12:33 0 job proc(s) currently held
07/08/24 09:12:33 DAGMan Runtime Statistics: [ EventCycleTimeAvg = 0.202615968473665; EventCycleTimeCount = 91.0; EventCycleTimeMax = 6.250487089157104; EventCycleTimeMin = 2.694129943847656E-05; EventCycleTimeStd = 1.102736350752064; EventCycleTimeSum = 18.43805313110352; LogProcessCycleTimeAvg = 0.000372081995010376; LogProcessCycleTimeCount = 8.0; LogProcessCycleTimeMax = 0.0009341239929199219; LogProcessCycleTimeMin = 8.893013000488281E-05; LogProcessCycleTimeStd = 0.0003304752287227114; LogProcessCycleTimeSum = 0.002976655960083008; SleepCycleTimeAvg = 5.004899603979928; SleepCycleTimeCount = 91.0; SleepCycleTimeMax = 5.005714178085327; SleepCycleTimeMin = 5.001423120498657; SleepCycleTimeStd = 0.0006616750740133041; SleepCycleTimeSum = 455.4458639621735; SubmitCycleTimeAvg = 0.2002780878025552; SubmitCycleTimeCount = 92.0; SubmitCycleTimeMax = 6.250279188156128; SubmitCycleTimeMin = 6.914138793945312E-06; SubmitCycleTimeStd = 1.096799013537731; SubmitCycleTimeSum = 18.42558407783508; ]
07/08/24 09:12:38 Reassigning the id of job propogate_000006 from (212904185.0.0) to (-1.-1.-1)
07/08/24 09:12:38 Sleeping for 1 s (DAGMAN_SUBMIT_DELAY) to throttle submissions...
07/08/24 09:12:39 Submitting HTCondor Node propogate_000006 job(s)...
07/08/24 09:12:39 Adding a DAGMan workflow log /home/zrechav/SelfVeto_Correlation_Tables/scripts/air_shower_reader/dags/./L2_22803_0000000-0000999.dag.nodes.log
07/08/24 09:12:39 Masking the events recorded in the DAGMAN workflow log
07/08/24 09:12:39 Mask for workflow log is 0,1,2,4,5,7,9,10,11,12,13,16,17,24,27,35,36
07/08/24 09:12:39 submitting: /usr/bin/condor_submit -a dag_node_name' '=' 'propogate_000006 -a +DAGManJobId' '=' '212903202 -a DAGManJobId' '=' '212903202 -batch-name L2_22803_0000000-0000999.dag+212903202 -batch-id 212903202.0 -a submit_event_notes' '=' 'DAG' 'Node:' 'propogate_000006 -a dagman_log' '=' '/home/zrechav/SelfVeto_Correlation_Tables/scripts/air_shower_reader/dags/./L2_22803_0000000-0000999.dag.nodes.log -a +DAGManNodesMask' '=' '"0,1,2,4,5,7,9,10,11,12,13,16,17,24,27,35,36" -a JOB=propogate_000006 -a infile' '=' '/data/user/zrechav/propagated_corsika/L2_22803/0000000-0000999/Level2_IC86.2023_corsika.022803.000006.i3.zst -a outfile' '=' '/data/user/zrechav/airshowered_corsika/L2_22803/0000000-0000999/airshowered_corsika_22803_000006 -a filenum' '=' '000006 -a DAG_STATUS' '=' '0 -a FAILED_COUNT' '=' '0 -a notification' '=' 'never -a +DAGParentNodeNames' '=' '"" /home/zrechav/SelfVeto_Correlation_Tables/scripts/air_shower_reader/AirShowerReader_NPX.sub
07/08/24 09:12:40 From submit: Submitting job(s).
07/08/24 09:12:40 From submit: 1 job(s) submitted to cluster 212904263.
07/08/24 09:12:40 From submit: WARNING: the line 'JOB = propogate_000006' was unused by condor_submit. Is it a typo?
07/08/24 09:12:40 	assigned HTCondor ID (212904263.0.0)
07/08/24 09:12:40 Reassigning the id of job propogate_000007 from (212904189.0.0) to (-1.-1.-1)
07/08/24 09:12:40 Sleeping for 1 s (DAGMAN_SUBMIT_DELAY) to throttle submissions...
07/08/24 09:12:41 Submitting HTCondor Node propogate_000007 job(s)...
07/08/24 09:12:41 Adding a DAGMan workflow log /home/zrechav/SelfVeto_Correlation_Tables/scripts/air_shower_reader/dags/./L2_22803_0000000-0000999.dag.nodes.log
07/08/24 09:12:41 Masking the events recorded in the DAGMAN workflow log
07/08/24 09:12:41 Mask for workflow log is 0,1,2,4,5,7,9,10,11,12,13,16,17,24,27,35,36
07/08/24 09:12:41 submitting: /usr/bin/condor_submit -a dag_node_name' '=' 'propogate_000007 -a +DAGManJobId' '=' '212903202 -a DAGManJobId' '=' '212903202 -batch-name L2_22803_0000000-0000999.dag+212903202 -batch-id 212903202.0 -a submit_event_notes' '=' 'DAG' 'Node:' 'propogate_000007 -a dagman_log' '=' '/home/zrechav/SelfVeto_Correlation_Tables/scripts/air_shower_reader/dags/./L2_22803_0000000-0000999.dag.nodes.log -a +DAGManNodesMask' '=' '"0,1,2,4,5,7,9,10,11,12,13,16,17,24,27,35,36" -a JOB=propogate_000007 -a infile' '=' '/data/user/zrechav/propagated_corsika/L2_22803/0000000-0000999/Level2_IC86.2023_corsika.022803.000007.i3.zst -a outfile' '=' '/data/user/zrechav/airshowered_corsika/L2_22803/0000000-0000999/airshowered_corsika_22803_000007 -a filenum' '=' '000007 -a DAG_STATUS' '=' '0 -a FAILED_COUNT' '=' '0 -a notification' '=' 'never -a +DAGParentNodeNames' '=' '"" /home/zrechav/SelfVeto_Correlation_Tables/scripts/air_shower_reader/AirShowerReader_NPX.sub
07/08/24 09:12:41 From submit: Submitting job(s).
07/08/24 09:12:41 From submit: 1 job(s) submitted to cluster 212904264.
07/08/24 09:12:41 From submit: WARNING: the line 'JOB = propogate_000007' was unused by condor_submit. Is it a typo?
07/08/24 09:12:41 	assigned HTCondor ID (212904264.0.0)
07/08/24 09:12:41 Reassigning the id of job propogate_000008 from (212904193.0.0) to (-1.-1.-1)
07/08/24 09:12:41 Sleeping for 1 s (DAGMAN_SUBMIT_DELAY) to throttle submissions...
07/08/24 09:12:42 Submitting HTCondor Node propogate_000008 job(s)...
07/08/24 09:12:42 Adding a DAGMan workflow log /home/zrechav/SelfVeto_Correlation_Tables/scripts/air_shower_reader/dags/./L2_22803_0000000-0000999.dag.nodes.log
07/08/24 09:12:42 Masking the events recorded in the DAGMAN workflow log
07/08/24 09:12:42 Mask for workflow log is 0,1,2,4,5,7,9,10,11,12,13,16,17,24,27,35,36
07/08/24 09:12:42 submitting: /usr/bin/condor_submit -a dag_node_name' '=' 'propogate_000008 -a +DAGManJobId' '=' '212903202 -a DAGManJobId' '=' '212903202 -batch-name L2_22803_0000000-0000999.dag+212903202 -batch-id 212903202.0 -a submit_event_notes' '=' 'DAG' 'Node:' 'propogate_000008 -a dagman_log' '=' '/home/zrechav/SelfVeto_Correlation_Tables/scripts/air_shower_reader/dags/./L2_22803_0000000-0000999.dag.nodes.log -a +DAGManNodesMask' '=' '"0,1,2,4,5,7,9,10,11,12,13,16,17,24,27,35,36" -a JOB=propogate_000008 -a infile' '=' '/data/user/zrechav/propagated_corsika/L2_22803/0000000-0000999/Level2_IC86.2023_corsika.022803.000008.i3.zst -a outfile' '=' '/data/user/zrechav/airshowered_corsika/L2_22803/0000000-0000999/airshowered_corsika_22803_000008 -a filenum' '=' '000008 -a DAG_STATUS' '=' '0 -a FAILED_COUNT' '=' '0 -a notification' '=' 'never -a +DAGParentNodeNames' '=' '"" /home/zrechav/SelfVeto_Correlation_Tables/scripts/air_shower_reader/AirShowerReader_NPX.sub
07/08/24 09:12:42 From submit: Submitting job(s).
07/08/24 09:12:42 From submit: 1 job(s) submitted to cluster 212904265.
07/08/24 09:12:42 From submit: WARNING: the line 'JOB = propogate_000008' was unused by condor_submit. Is it a typo?
07/08/24 09:12:42 	assigned HTCondor ID (212904265.0.0)
07/08/24 09:12:42 Reassigning the id of job propogate_000009 from (212904197.0.0) to (-1.-1.-1)
07/08/24 09:12:42 Sleeping for 1 s (DAGMAN_SUBMIT_DELAY) to throttle submissions...
07/08/24 09:12:43 Submitting HTCondor Node propogate_000009 job(s)...
07/08/24 09:12:43 Adding a DAGMan workflow log /home/zrechav/SelfVeto_Correlation_Tables/scripts/air_shower_reader/dags/./L2_22803_0000000-0000999.dag.nodes.log
07/08/24 09:12:43 Masking the events recorded in the DAGMAN workflow log
07/08/24 09:12:43 Mask for workflow log is 0,1,2,4,5,7,9,10,11,12,13,16,17,24,27,35,36
07/08/24 09:12:43 submitting: /usr/bin/condor_submit -a dag_node_name' '=' 'propogate_000009 -a +DAGManJobId' '=' '212903202 -a DAGManJobId' '=' '212903202 -batch-name L2_22803_0000000-0000999.dag+212903202 -batch-id 212903202.0 -a submit_event_notes' '=' 'DAG' 'Node:' 'propogate_000009 -a dagman_log' '=' '/home/zrechav/SelfVeto_Correlation_Tables/scripts/air_shower_reader/dags/./L2_22803_0000000-0000999.dag.nodes.log -a +DAGManNodesMask' '=' '"0,1,2,4,5,7,9,10,11,12,13,16,17,24,27,35,36" -a JOB=propogate_000009 -a infile' '=' '/data/user/zrechav/propagated_corsika/L2_22803/0000000-0000999/Level2_IC86.2023_corsika.022803.000009.i3.zst -a outfile' '=' '/data/user/zrechav/airshowered_corsika/L2_22803/0000000-0000999/airshowered_corsika_22803_000009 -a filenum' '=' '000009 -a DAG_STATUS' '=' '0 -a FAILED_COUNT' '=' '0 -a notification' '=' 'never -a +DAGParentNodeNames' '=' '"" /home/zrechav/SelfVeto_Correlation_Tables/scripts/air_shower_reader/AirShowerReader_NPX.sub
07/08/24 09:12:43 From submit: Submitting job(s).
07/08/24 09:12:43 From submit: 1 job(s) submitted to cluster 212904266.
07/08/24 09:12:43 From submit: WARNING: the line 'JOB = propogate_000009' was unused by condor_submit. Is it a typo?
07/08/24 09:12:43 	assigned HTCondor ID (212904266.0.0)
07/08/24 09:12:43 Reassigning the id of job propogate_000003 from (212904182.0.0) to (-1.-1.-1)
07/08/24 09:12:43 Sleeping for 1 s (DAGMAN_SUBMIT_DELAY) to throttle submissions...
07/08/24 09:12:44 Submitting HTCondor Node propogate_000003 job(s)...
07/08/24 09:12:44 Adding a DAGMan workflow log /home/zrechav/SelfVeto_Correlation_Tables/scripts/air_shower_reader/dags/./L2_22803_0000000-0000999.dag.nodes.log
07/08/24 09:12:44 Masking the events recorded in the DAGMAN workflow log
07/08/24 09:12:44 Mask for workflow log is 0,1,2,4,5,7,9,10,11,12,13,16,17,24,27,35,36
07/08/24 09:12:44 submitting: /usr/bin/condor_submit -a dag_node_name' '=' 'propogate_000003 -a +DAGManJobId' '=' '212903202 -a DAGManJobId' '=' '212903202 -batch-name L2_22803_0000000-0000999.dag+212903202 -batch-id 212903202.0 -a submit_event_notes' '=' 'DAG' 'Node:' 'propogate_000003 -a dagman_log' '=' '/home/zrechav/SelfVeto_Correlation_Tables/scripts/air_shower_reader/dags/./L2_22803_0000000-0000999.dag.nodes.log -a +DAGManNodesMask' '=' '"0,1,2,4,5,7,9,10,11,12,13,16,17,24,27,35,36" -a JOB=propogate_000003 -a infile' '=' '/data/user/zrechav/propagated_corsika/L2_22803/0000000-0000999/Level2_IC86.2023_corsika.022803.000003.i3.zst -a outfile' '=' '/data/user/zrechav/airshowered_corsika/L2_22803/0000000-0000999/airshowered_corsika_22803_000003 -a filenum' '=' '000003 -a DAG_STATUS' '=' '0 -a FAILED_COUNT' '=' '0 -a notification' '=' 'never -a +DAGParentNodeNames' '=' '"" /home/zrechav/SelfVeto_Correlation_Tables/scripts/air_shower_reader/AirShowerReader_NPX.sub
07/08/24 09:12:44 From submit: Submitting job(s).
07/08/24 09:12:44 From submit: 1 job(s) submitted to cluster 212904269.
07/08/24 09:12:44 From submit: WARNING: the line 'JOB = propogate_000003' was unused by condor_submit. Is it a typo?
07/08/24 09:12:44 	assigned HTCondor ID (212904269.0.0)
07/08/24 09:12:44 Just submitted 5 jobs this cycle...
07/08/24 09:12:44 DAG status: 0 (DAG_STATUS_OK)
07/08/24 09:12:44 Of 10 nodes total:
07/08/24 09:12:44  Done     Pre   Queued    Post   Ready   Un-Ready   Failed
07/08/24 09:12:44   ===     ===      ===     ===     ===        ===      ===
07/08/24 09:12:44     0       0       10       0       0          0        0
07/08/24 09:12:44 0 job proc(s) currently held
07/08/24 09:12:44 DAGMan Runtime Statistics: [ EventCycleTimeAvg = 0.2004244690356047; EventCycleTimeCount = 92.0; EventCycleTimeMax = 6.250487089157104; EventCycleTimeMin = 2.694129943847656E-05; EventCycleTimeStd = 1.096862054124185; EventCycleTimeSum = 18.43905115127563; LogProcessCycleTimeAvg = 0.000372081995010376; LogProcessCycleTimeCount = 8.0; LogProcessCycleTimeMax = 0.0009341239929199219; LogProcessCycleTimeMin = 8.893013000488281E-05; LogProcessCycleTimeStd = 0.0003304752287227114; LogProcessCycleTimeSum = 0.002976655960083008; SleepCycleTimeAvg = 5.004908932291943; SleepCycleTimeCount = 92.0; SleepCycleTimeMax = 5.005757808685303; SleepCycleTimeMin = 5.001423120498657; SleepCycleTimeStd = 0.0006640846060633584; SleepCycleTimeSum = 460.4516217708588; SubmitCycleTimeAvg = 0.2633166441353418; SubmitCycleTimeCount = 93.0; SubmitCycleTimeMax = 6.250279188156128; SubmitCycleTimeMin = 6.914138793945312E-06; SubmitCycleTimeStd = 1.248783919459367; SubmitCycleTimeSum = 24.48844790458679; ]
07/08/24 09:12:49 Currently monitoring 1 HTCondor log file(s)
07/08/24 09:12:49 Reassigning the id of job propogate_000006 from (212904263.0.0) to (212904263.0.0)
07/08/24 09:12:49 Event: ULOG_SUBMIT for HTCondor Node propogate_000006 (212904263.0.0) {07/08/24 09:12:40}
07/08/24 09:12:49 Number of idle job procs: 1
07/08/24 09:12:49 Reassigning the id of job propogate_000007 from (212904264.0.0) to (212904264.0.0)
07/08/24 09:12:49 Event: ULOG_SUBMIT for HTCondor Node propogate_000007 (212904264.0.0) {07/08/24 09:12:41}
07/08/24 09:12:49 Number of idle job procs: 2
07/08/24 09:12:49 Reassigning the id of job propogate_000008 from (212904265.0.0) to (212904265.0.0)
07/08/24 09:12:49 Event: ULOG_SUBMIT for HTCondor Node propogate_000008 (212904265.0.0) {07/08/24 09:12:42}
07/08/24 09:12:49 Number of idle job procs: 3
07/08/24 09:12:49 Reassigning the id of job propogate_000009 from (212904266.0.0) to (212904266.0.0)
07/08/24 09:12:49 Event: ULOG_SUBMIT for HTCondor Node propogate_000009 (212904266.0.0) {07/08/24 09:12:43}
07/08/24 09:12:49 Number of idle job procs: 4
07/08/24 09:12:49 Reassigning the id of job propogate_000003 from (212904269.0.0) to (212904269.0.0)
07/08/24 09:12:49 Event: ULOG_SUBMIT for HTCondor Node propogate_000003 (212904269.0.0) {07/08/24 09:12:44}
07/08/24 09:12:49 Number of idle job procs: 5
07/08/24 09:19:30 Currently monitoring 1 HTCondor log file(s)
07/08/24 09:19:30 Event: ULOG_EXECUTE for HTCondor Node propogate_000006 (212904263.0.0) {07/08/24 09:19:29}
07/08/24 09:19:30 Number of idle job procs: 4
07/08/24 09:19:30 Event: ULOG_EXECUTE for HTCondor Node propogate_000007 (212904264.0.0) {07/08/24 09:19:29}
07/08/24 09:19:30 Number of idle job procs: 3
07/08/24 09:19:30 Event: ULOG_EXECUTE for HTCondor Node propogate_000008 (212904265.0.0) {07/08/24 09:19:29}
07/08/24 09:19:30 Number of idle job procs: 2
07/08/24 09:20:30 Currently monitoring 1 HTCondor log file(s)
07/08/24 09:20:30 Event: ULOG_EXECUTE for HTCondor Node propogate_000009 (212904266.0.0) {07/08/24 09:20:29}
07/08/24 09:20:30 Number of idle job procs: 1
07/08/24 09:20:30 Event: ULOG_EXECUTE for HTCondor Node propogate_000003 (212904269.0.0) {07/08/24 09:20:29}
07/08/24 09:20:30 Number of idle job procs: 0
07/08/24 09:30:31 601 seconds since last log event
07/08/24 09:30:31 Pending DAG nodes:
07/08/24 09:30:31   Node propogate_000000, HTCondor ID 212903431, status STATUS_SUBMITTED
07/08/24 09:30:31   Node propogate_000001, HTCondor ID 212903436, status STATUS_SUBMITTED
07/08/24 09:30:31   Node propogate_000002, HTCondor ID 212903439, status STATUS_SUBMITTED
07/08/24 09:30:31   Node propogate_000003, HTCondor ID 212904269, status STATUS_SUBMITTED
07/08/24 09:30:31   Node propogate_000004, HTCondor ID 212903445, status STATUS_SUBMITTED
07/08/24 09:30:31   Node propogate_000005, HTCondor ID 212903457, status STATUS_SUBMITTED
07/08/24 09:30:31   Node propogate_000006, HTCondor ID 212904263, status STATUS_SUBMITTED
07/08/24 09:30:31   Node propogate_000007, HTCondor ID 212904264, status STATUS_SUBMITTED
07/08/24 09:30:31   Node propogate_000008, HTCondor ID 212904265, status STATUS_SUBMITTED
07/08/24 09:30:31   Node propogate_000009, HTCondor ID 212904266, status STATUS_SUBMITTED
07/08/24 09:40:31 1201 seconds since last log event
07/08/24 09:40:31 Pending DAG nodes:
07/08/24 09:40:31   Node propogate_000000, HTCondor ID 212903431, status STATUS_SUBMITTED
07/08/24 09:40:31   Node propogate_000001, HTCondor ID 212903436, status STATUS_SUBMITTED
07/08/24 09:40:31   Node propogate_000002, HTCondor ID 212903439, status STATUS_SUBMITTED
07/08/24 09:40:31   Node propogate_000003, HTCondor ID 212904269, status STATUS_SUBMITTED
07/08/24 09:40:31   Node propogate_000004, HTCondor ID 212903445, status STATUS_SUBMITTED
07/08/24 09:40:31   Node propogate_000005, HTCondor ID 212903457, status STATUS_SUBMITTED
07/08/24 09:40:31   Node propogate_000006, HTCondor ID 212904263, status STATUS_SUBMITTED
07/08/24 09:40:31   Node propogate_000007, HTCondor ID 212904264, status STATUS_SUBMITTED
07/08/24 09:40:31   Node propogate_000008, HTCondor ID 212904265, status STATUS_SUBMITTED
07/08/24 09:40:31   Node propogate_000009, HTCondor ID 212904266, status STATUS_SUBMITTED
07/08/24 09:50:32 1802 seconds since last log event
07/08/24 09:50:32 Pending DAG nodes:
07/08/24 09:50:32   Node propogate_000000, HTCondor ID 212903431, status STATUS_SUBMITTED
07/08/24 09:50:32   Node propogate_000001, HTCondor ID 212903436, status STATUS_SUBMITTED
07/08/24 09:50:32   Node propogate_000002, HTCondor ID 212903439, status STATUS_SUBMITTED
07/08/24 09:50:32   Node propogate_000003, HTCondor ID 212904269, status STATUS_SUBMITTED
07/08/24 09:50:32   Node propogate_000004, HTCondor ID 212903445, status STATUS_SUBMITTED
07/08/24 09:50:32   Node propogate_000005, HTCondor ID 212903457, status STATUS_SUBMITTED
07/08/24 09:50:32   Node propogate_000006, HTCondor ID 212904263, status STATUS_SUBMITTED
07/08/24 09:50:32   Node propogate_000007, HTCondor ID 212904264, status STATUS_SUBMITTED
07/08/24 09:50:32   Node propogate_000008, HTCondor ID 212904265, status STATUS_SUBMITTED
07/08/24 09:50:32   Node propogate_000009, HTCondor ID 212904266, status STATUS_SUBMITTED
07/08/24 10:00:32 2402 seconds since last log event
07/08/24 10:00:32 Pending DAG nodes:
07/08/24 10:00:32   Node propogate_000000, HTCondor ID 212903431, status STATUS_SUBMITTED
07/08/24 10:00:32   Node propogate_000001, HTCondor ID 212903436, status STATUS_SUBMITTED
07/08/24 10:00:32   Node propogate_000002, HTCondor ID 212903439, status STATUS_SUBMITTED
07/08/24 10:00:32   Node propogate_000003, HTCondor ID 212904269, status STATUS_SUBMITTED
07/08/24 10:00:32   Node propogate_000004, HTCondor ID 212903445, status STATUS_SUBMITTED
07/08/24 10:00:32   Node propogate_000005, HTCondor ID 212903457, status STATUS_SUBMITTED
07/08/24 10:00:32   Node propogate_000006, HTCondor ID 212904263, status STATUS_SUBMITTED
07/08/24 10:00:32   Node propogate_000007, HTCondor ID 212904264, status STATUS_SUBMITTED
07/08/24 10:00:32   Node propogate_000008, HTCondor ID 212904265, status STATUS_SUBMITTED
07/08/24 10:00:32   Node propogate_000009, HTCondor ID 212904266, status STATUS_SUBMITTED
07/08/24 10:10:08 Currently monitoring 1 HTCondor log file(s)
07/08/24 10:10:08 Event: ULOG_JOB_TERMINATED for HTCondor Node propogate_000005 (212903457.0.0) {07/08/24 10:10:06}
07/08/24 10:10:08 Number of idle job procs: 0
07/08/24 10:10:08 Node propogate_000005 job proc (212903457.0.0) completed successfully.
07/08/24 10:10:08 Node propogate_000005 job completed
07/08/24 10:10:08 DAG status: 0 (DAG_STATUS_OK)
07/08/24 10:10:08 Of 10 nodes total:
07/08/24 10:10:08  Done     Pre   Queued    Post   Ready   Un-Ready   Failed
07/08/24 10:10:08   ===     ===      ===     ===     ===        ===      ===
07/08/24 10:10:08     1       0        9       0       0          0        0
07/08/24 10:10:08 0 job proc(s) currently held
07/08/24 10:10:08 DAGMan Runtime Statistics: [ EventCycleTimeAvg = 0.0316482635644766; EventCycleTimeCount = 780.0; EventCycleTimeMax = 6.250487089157104; EventCycleTimeMin = 2.09808349609375E-05; EventCycleTimeStd = 0.4375828086129644; EventCycleTimeSum = 24.68564558029175; LogProcessCycleTimeAvg = 0.0003701845804850261; LogProcessCycleTimeCount = 12.0; LogProcessCycleTimeMax = 0.0009341239929199219; LogProcessCycleTimeMin = 8.893013000488281E-05; LogProcessCycleTimeStd = 0.0003036475036716448; LogProcessCycleTimeSum = 0.004442214965820312; SleepCycleTimeAvg = 5.00478016841106; SleepCycleTimeCount = 780.0; SleepCycleTimeMax = 5.016184091567993; SleepCycleTimeMin = 5.000330924987793; SleepCycleTimeStd = 0.001300680323270138; SleepCycleTimeSum = 3903.728531360626; SubmitCycleTimeAvg = 0.03139512151212607; SubmitCycleTimeCount = 781.0; SubmitCycleTimeMax = 6.250279188156128; SubmitCycleTimeMin = 6.914138793945312E-06; SubmitCycleTimeStd = 0.4372831286903103; SubmitCycleTimeSum = 24.51958990097046; ]
07/08/24 10:20:08 600 seconds since last log event
07/08/24 10:20:08 Pending DAG nodes:
07/08/24 10:20:08   Node propogate_000000, HTCondor ID 212903431, status STATUS_SUBMITTED
07/08/24 10:20:08   Node propogate_000001, HTCondor ID 212903436, status STATUS_SUBMITTED
07/08/24 10:20:08   Node propogate_000002, HTCondor ID 212903439, status STATUS_SUBMITTED
07/08/24 10:20:08   Node propogate_000003, HTCondor ID 212904269, status STATUS_SUBMITTED
07/08/24 10:20:08   Node propogate_000004, HTCondor ID 212903445, status STATUS_SUBMITTED
07/08/24 10:20:08   Node propogate_000006, HTCondor ID 212904263, status STATUS_SUBMITTED
07/08/24 10:20:08   Node propogate_000007, HTCondor ID 212904264, status STATUS_SUBMITTED
07/08/24 10:20:08   Node propogate_000008, HTCondor ID 212904265, status STATUS_SUBMITTED
07/08/24 10:20:08   Node propogate_000009, HTCondor ID 212904266, status STATUS_SUBMITTED
07/08/24 10:30:09 1201 seconds since last log event
07/08/24 10:30:09 Pending DAG nodes:
07/08/24 10:30:09   Node propogate_000000, HTCondor ID 212903431, status STATUS_SUBMITTED
07/08/24 10:30:09   Node propogate_000001, HTCondor ID 212903436, status STATUS_SUBMITTED
07/08/24 10:30:09   Node propogate_000002, HTCondor ID 212903439, status STATUS_SUBMITTED
07/08/24 10:30:09   Node propogate_000003, HTCondor ID 212904269, status STATUS_SUBMITTED
07/08/24 10:30:09   Node propogate_000004, HTCondor ID 212903445, status STATUS_SUBMITTED
07/08/24 10:30:09   Node propogate_000006, HTCondor ID 212904263, status STATUS_SUBMITTED
07/08/24 10:30:09   Node propogate_000007, HTCondor ID 212904264, status STATUS_SUBMITTED
07/08/24 10:30:09   Node propogate_000008, HTCondor ID 212904265, status STATUS_SUBMITTED
07/08/24 10:30:09   Node propogate_000009, HTCondor ID 212904266, status STATUS_SUBMITTED
07/08/24 10:40:10 1802 seconds since last log event
07/08/24 10:40:10 Pending DAG nodes:
07/08/24 10:40:10   Node propogate_000000, HTCondor ID 212903431, status STATUS_SUBMITTED
07/08/24 10:40:10   Node propogate_000001, HTCondor ID 212903436, status STATUS_SUBMITTED
07/08/24 10:40:10   Node propogate_000002, HTCondor ID 212903439, status STATUS_SUBMITTED
07/08/24 10:40:10   Node propogate_000003, HTCondor ID 212904269, status STATUS_SUBMITTED
07/08/24 10:40:10   Node propogate_000004, HTCondor ID 212903445, status STATUS_SUBMITTED
07/08/24 10:40:10   Node propogate_000006, HTCondor ID 212904263, status STATUS_SUBMITTED
07/08/24 10:40:10   Node propogate_000007, HTCondor ID 212904264, status STATUS_SUBMITTED
07/08/24 10:40:10   Node propogate_000008, HTCondor ID 212904265, status STATUS_SUBMITTED
07/08/24 10:40:10   Node propogate_000009, HTCondor ID 212904266, status STATUS_SUBMITTED
07/08/24 10:50:10 2402 seconds since last log event
07/08/24 10:50:10 Pending DAG nodes:
07/08/24 10:50:10   Node propogate_000000, HTCondor ID 212903431, status STATUS_SUBMITTED
07/08/24 10:50:10   Node propogate_000001, HTCondor ID 212903436, status STATUS_SUBMITTED
07/08/24 10:50:10   Node propogate_000002, HTCondor ID 212903439, status STATUS_SUBMITTED
07/08/24 10:50:10   Node propogate_000003, HTCondor ID 212904269, status STATUS_SUBMITTED
07/08/24 10:50:10   Node propogate_000004, HTCondor ID 212903445, status STATUS_SUBMITTED
07/08/24 10:50:10   Node propogate_000006, HTCondor ID 212904263, status STATUS_SUBMITTED
07/08/24 10:50:10   Node propogate_000007, HTCondor ID 212904264, status STATUS_SUBMITTED
07/08/24 10:50:10   Node propogate_000008, HTCondor ID 212904265, status STATUS_SUBMITTED
07/08/24 10:50:10   Node propogate_000009, HTCondor ID 212904266, status STATUS_SUBMITTED
07/08/24 11:00:10 3002 seconds since last log event
07/08/24 11:00:10 Pending DAG nodes:
07/08/24 11:00:10   Node propogate_000000, HTCondor ID 212903431, status STATUS_SUBMITTED
07/08/24 11:00:10   Node propogate_000001, HTCondor ID 212903436, status STATUS_SUBMITTED
07/08/24 11:00:10   Node propogate_000002, HTCondor ID 212903439, status STATUS_SUBMITTED
07/08/24 11:00:10   Node propogate_000003, HTCondor ID 212904269, status STATUS_SUBMITTED
07/08/24 11:00:10   Node propogate_000004, HTCondor ID 212903445, status STATUS_SUBMITTED
07/08/24 11:00:10   Node propogate_000006, HTCondor ID 212904263, status STATUS_SUBMITTED
07/08/24 11:00:10   Node propogate_000007, HTCondor ID 212904264, status STATUS_SUBMITTED
07/08/24 11:00:10   Node propogate_000008, HTCondor ID 212904265, status STATUS_SUBMITTED
07/08/24 11:00:10   Node propogate_000009, HTCondor ID 212904266, status STATUS_SUBMITTED
07/08/24 11:10:11 3603 seconds since last log event
07/08/24 11:10:11 Pending DAG nodes:
07/08/24 11:10:11   Node propogate_000000, HTCondor ID 212903431, status STATUS_SUBMITTED
07/08/24 11:10:11   Node propogate_000001, HTCondor ID 212903436, status STATUS_SUBMITTED
07/08/24 11:10:11   Node propogate_000002, HTCondor ID 212903439, status STATUS_SUBMITTED
07/08/24 11:10:11   Node propogate_000003, HTCondor ID 212904269, status STATUS_SUBMITTED
07/08/24 11:10:11   Node propogate_000004, HTCondor ID 212903445, status STATUS_SUBMITTED
07/08/24 11:10:11   Node propogate_000006, HTCondor ID 212904263, status STATUS_SUBMITTED
07/08/24 11:10:11   Node propogate_000007, HTCondor ID 212904264, status STATUS_SUBMITTED
07/08/24 11:10:11   Node propogate_000008, HTCondor ID 212904265, status STATUS_SUBMITTED
07/08/24 11:10:11   Node propogate_000009, HTCondor ID 212904266, status STATUS_SUBMITTED
07/08/24 11:20:11 4203 seconds since last log event
07/08/24 11:20:11 Pending DAG nodes:
07/08/24 11:20:11   Node propogate_000000, HTCondor ID 212903431, status STATUS_SUBMITTED
07/08/24 11:20:11   Node propogate_000001, HTCondor ID 212903436, status STATUS_SUBMITTED
07/08/24 11:20:11   Node propogate_000002, HTCondor ID 212903439, status STATUS_SUBMITTED
07/08/24 11:20:11   Node propogate_000003, HTCondor ID 212904269, status STATUS_SUBMITTED
07/08/24 11:20:11   Node propogate_000004, HTCondor ID 212903445, status STATUS_SUBMITTED
07/08/24 11:20:11   Node propogate_000006, HTCondor ID 212904263, status STATUS_SUBMITTED
07/08/24 11:20:11   Node propogate_000007, HTCondor ID 212904264, status STATUS_SUBMITTED
07/08/24 11:20:11   Node propogate_000008, HTCondor ID 212904265, status STATUS_SUBMITTED
07/08/24 11:20:11   Node propogate_000009, HTCondor ID 212904266, status STATUS_SUBMITTED
07/08/24 11:30:12 4804 seconds since last log event
07/08/24 11:30:12 Pending DAG nodes:
07/08/24 11:30:12   Node propogate_000000, HTCondor ID 212903431, status STATUS_SUBMITTED
07/08/24 11:30:12   Node propogate_000001, HTCondor ID 212903436, status STATUS_SUBMITTED
07/08/24 11:30:12   Node propogate_000002, HTCondor ID 212903439, status STATUS_SUBMITTED
07/08/24 11:30:12   Node propogate_000003, HTCondor ID 212904269, status STATUS_SUBMITTED
07/08/24 11:30:12   Node propogate_000004, HTCondor ID 212903445, status STATUS_SUBMITTED
07/08/24 11:30:12   Node propogate_000006, HTCondor ID 212904263, status STATUS_SUBMITTED
07/08/24 11:30:12   Node propogate_000007, HTCondor ID 212904264, status STATUS_SUBMITTED
07/08/24 11:30:12   Node propogate_000008, HTCondor ID 212904265, status STATUS_SUBMITTED
07/08/24 11:30:12   Node propogate_000009, HTCondor ID 212904266, status STATUS_SUBMITTED
07/08/24 11:31:12 Currently monitoring 1 HTCondor log file(s)
07/08/24 11:31:12 Event: ULOG_JOB_TERMINATED for HTCondor Node propogate_000000 (212903431.0.0) {07/08/24 11:31:09}
07/08/24 11:31:12 Number of idle job procs: 0
07/08/24 11:31:12 Node propogate_000000 job proc (212903431.0.0) completed successfully.
07/08/24 11:31:12 Node propogate_000000 job completed
07/08/24 11:31:12 DAG status: 0 (DAG_STATUS_OK)
07/08/24 11:31:12 Of 10 nodes total:
07/08/24 11:31:12  Done     Pre   Queued    Post   Ready   Un-Ready   Failed
07/08/24 11:31:12   ===     ===      ===     ===     ===        ===      ===
07/08/24 11:31:12     2       0        8       0       0          0        0
07/08/24 11:31:12 0 job proc(s) currently held
07/08/24 11:31:12 DAGMan Runtime Statistics: [ EventCycleTimeAvg = 0.01419402107800523; EventCycleTimeCount = 1752.0; EventCycleTimeMax = 6.250487089157104; EventCycleTimeMin = 2.09808349609375E-05; EventCycleTimeStd = 0.2922871427387962; EventCycleTimeSum = 24.86792492866516; LogProcessCycleTimeAvg = 0.0003939408522385817; LogProcessCycleTimeCount = 13.0; LogProcessCycleTimeMax = 0.0009341239929199219; LogProcessCycleTimeMin = 8.893013000488281E-05; LogProcessCycleTimeStd = 0.0003030759119946036; LogProcessCycleTimeSum = 0.005121231079101562; SleepCycleTimeAvg = 5.004287387546339; SleepCycleTimeCount = 1752.0; SleepCycleTimeMax = 5.042958974838257; SleepCycleTimeMin = 4.004982948303223; SleepCycleTimeStd = 0.02394256202916258; SleepCycleTimeSum = 8767.511502981186; SubmitCycleTimeAvg = 0.01401026753514274; SubmitCycleTimeCount = 1753.0; SubmitCycleTimeMax = 6.250279188156128; SubmitCycleTimeMin = 5.960464477539062E-06; SubmitCycleTimeStd = 0.2921876950759069; SubmitCycleTimeSum = 24.55999898910522; ]
07/08/24 11:33:32 Currently monitoring 1 HTCondor log file(s)
07/08/24 11:33:32 Event: ULOG_JOB_TERMINATED for HTCondor Node propogate_000004 (212903445.0.0) {07/08/24 11:33:32}
07/08/24 11:33:32 Number of idle job procs: 0
07/08/24 11:33:32 Node propogate_000004 job proc (212903445.0.0) completed successfully.
07/08/24 11:33:32 Node propogate_000004 job completed
07/08/24 11:33:32 DAG status: 0 (DAG_STATUS_OK)
07/08/24 11:33:32 Of 10 nodes total:
07/08/24 11:33:32  Done     Pre   Queued    Post   Ready   Un-Ready   Failed
07/08/24 11:33:32   ===     ===      ===     ===     ===        ===      ===
07/08/24 11:33:32     3       0        7       0       0          0        0
07/08/24 11:33:32 0 job proc(s) currently held
07/08/24 11:33:32 DAGMan Runtime Statistics: [ EventCycleTimeAvg = 0.01397298895910884; EventCycleTimeCount = 1780.0; EventCycleTimeMax = 6.250487089157104; EventCycleTimeMin = 2.09808349609375E-05; EventCycleTimeStd = 0.2899831153881386; EventCycleTimeSum = 24.87192034721375; LogProcessCycleTimeAvg = 0.0003814356667654855; LogProcessCycleTimeCount = 14.0; LogProcessCycleTimeMax = 0.0009341239929199219; LogProcessCycleTimeMin = 8.893013000488281E-05; LogProcessCycleTimeStd = 0.000294921267195258; LogProcessCycleTimeSum = 0.005340099334716797; SleepCycleTimeAvg = 5.004296753781565; SleepCycleTimeCount = 1780.0; SleepCycleTimeMax = 5.042958974838257; SleepCycleTimeMin = 4.004982948303223; SleepCycleTimeStd = 0.02375357330714892; SleepCycleTimeSum = 8907.648221731186; SubmitCycleTimeAvg = 0.01379078027574217; SubmitCycleTimeCount = 1781.0; SubmitCycleTimeMax = 6.250279188156128; SubmitCycleTimeMin = 5.960464477539062E-06; SubmitCycleTimeStd = 0.2898856857602184; SubmitCycleTimeSum = 24.5613796710968; ]
07/08/24 11:39:02 Currently monitoring 1 HTCondor log file(s)
07/08/24 11:39:02 Event: ULOG_JOB_TERMINATED for HTCondor Node propogate_000007 (212904264.0.0) {07/08/24 11:38:57}
07/08/24 11:39:02 Number of idle job procs: 0
07/08/24 11:39:02 Node propogate_000007 job proc (212904264.0.0) completed successfully.
07/08/24 11:39:02 Node propogate_000007 job completed
07/08/24 11:39:02 DAG status: 0 (DAG_STATUS_OK)
07/08/24 11:39:02 Of 10 nodes total:
07/08/24 11:39:02  Done     Pre   Queued    Post   Ready   Un-Ready   Failed
07/08/24 11:39:02   ===     ===      ===     ===     ===        ===      ===
07/08/24 11:39:02     4       0        6       0       0          0        0
07/08/24 11:39:02 0 job proc(s) currently held
07/08/24 11:39:02 DAGMan Runtime Statistics: [ EventCycleTimeAvg = 0.01348115266467226; EventCycleTimeCount = 1846.0; EventCycleTimeMax = 6.250487089157104; EventCycleTimeMin = 2.09808349609375E-05; EventCycleTimeStd = 0.2847606841399377; EventCycleTimeSum = 24.88620781898499; LogProcessCycleTimeAvg = 0.0005780855814615885; LogProcessCycleTimeCount = 15.0; LogProcessCycleTimeMax = 0.003331184387207031; LogProcessCycleTimeMin = 8.893013000488281E-05; LogProcessCycleTimeStd = 0.0008129167449670488; LogProcessCycleTimeSum = 0.008671283721923828; SleepCycleTimeAvg = 5.004311443795879; SleepCycleTimeCount = 1846.0; SleepCycleTimeMax = 5.042958974838257; SleepCycleTimeMin = 4.004982948303223; SleepCycleTimeStd = 0.0233259986783269; SleepCycleTimeSum = 9237.958925247192; SubmitCycleTimeAvg = 0.01330116483154462; SubmitCycleTimeCount = 1847.0; SubmitCycleTimeMax = 6.250279188156128; SubmitCycleTimeMin = 5.960464477539062E-06; SubmitCycleTimeStd = 0.284667762222481; SubmitCycleTimeSum = 24.56725144386292; ]
07/08/24 11:39:37 Currently monitoring 1 HTCondor log file(s)
07/08/24 11:39:37 Event: ULOG_JOB_TERMINATED for HTCondor Node propogate_000001 (212903436.0.0) {07/08/24 11:39:33}
07/08/24 11:39:37 Number of idle job procs: 0
07/08/24 11:39:37 Node propogate_000001 job proc (212903436.0.0) completed successfully.
07/08/24 11:39:37 Node propogate_000001 job completed
07/08/24 11:39:37 DAG status: 0 (DAG_STATUS_OK)
07/08/24 11:39:37 Of 10 nodes total:
07/08/24 11:39:37  Done     Pre   Queued    Post   Ready   Un-Ready   Failed
07/08/24 11:39:37   ===     ===      ===     ===     ===        ===      ===
07/08/24 11:39:37     5       0        5       0       0          0        0
07/08/24 11:39:37 0 job proc(s) currently held
07/08/24 11:39:37 DAGMan Runtime Statistics: [ EventCycleTimeAvg = 0.01343239492425646; EventCycleTimeCount = 1853.0; EventCycleTimeMax = 6.250487089157104; EventCycleTimeMin = 2.09808349609375E-05; EventCycleTimeStd = 0.2842231348027453; EventCycleTimeSum = 24.89022779464722; LogProcessCycleTimeAvg = 0.0005558282136917114; LogProcessCycleTimeCount = 16.0; LogProcessCycleTimeMax = 0.003331184387207031; LogProcessCycleTimeMin = 8.893013000488281E-05; LogProcessCycleTimeStd = 0.0007903823792013568; LogProcessCycleTimeSum = 0.008893251419067383; SleepCycleTimeAvg = 5.004313488490377; SleepCycleTimeCount = 1853.0; SleepCycleTimeMax = 5.042958974838257; SleepCycleTimeMin = 4.004982948303223; SleepCycleTimeStd = 0.02328193093978111; SleepCycleTimeSum = 9272.992894172668; SubmitCycleTimeAvg = 0.0132510011378744; SubmitCycleTimeCount = 1854.0; SubmitCycleTimeMax = 6.250279188156128; SubmitCycleTimeMin = 5.960464477539062E-06; SubmitCycleTimeStd = 0.2841307338113053; SubmitCycleTimeSum = 24.56735610961914; ]
07/08/24 11:49:28 Currently monitoring 1 HTCondor log file(s)
07/08/24 11:49:28 Event: ULOG_JOB_TERMINATED for HTCondor Node propogate_000006 (212904263.0.0) {07/08/24 11:49:28}
07/08/24 11:49:28 Number of idle job procs: 0
07/08/24 11:49:28 Node propogate_000006 job proc (212904263.0.0) completed successfully.
07/08/24 11:49:28 Node propogate_000006 job completed
07/08/24 11:49:28 DAG status: 0 (DAG_STATUS_OK)
07/08/24 11:49:28 Of 10 nodes total:
07/08/24 11:49:28  Done     Pre   Queued    Post   Ready   Un-Ready   Failed
07/08/24 11:49:28   ===     ===      ===     ===     ===        ===      ===
07/08/24 11:49:28     6       0        4       0       0          0        0
07/08/24 11:49:28 0 job proc(s) currently held
07/08/24 11:49:28 DAGMan Runtime Statistics: [ EventCycleTimeAvg = 0.01266075801510668; EventCycleTimeCount = 1971.0; EventCycleTimeMax = 6.250487089157104; EventCycleTimeMin = 2.09808349609375E-05; EventCycleTimeStd = 0.2755984003071303; EventCycleTimeSum = 24.95435404777527; LogProcessCycleTimeAvg = 0.0005714192109949448; LogProcessCycleTimeCount = 17.0; LogProcessCycleTimeMax = 0.003331184387207031; LogProcessCycleTimeMin = 8.893013000488281E-05; LogProcessCycleTimeStd = 0.0007679795782538478; LogProcessCycleTimeSum = 0.009714126586914062; SleepCycleTimeAvg = 5.004415564703978; SleepCycleTimeCount = 1971.0; SleepCycleTimeMax = 5.120975017547607; SleepCycleTimeMin = 4.004982948303223; SleepCycleTimeStd = 0.02273257660028971; SleepCycleTimeSum = 9863.70307803154; SubmitCycleTimeAvg = 0.01246108546943742; SubmitCycleTimeCount = 1972.0; SubmitCycleTimeMax = 6.250279188156128; SubmitCycleTimeMin = 5.960464477539062E-06; SubmitCycleTimeStd = 0.2755120990354726; SubmitCycleTimeSum = 24.57326054573059; ]
07/08/24 11:53:38 Currently monitoring 1 HTCondor log file(s)
07/08/24 11:53:38 Event: ULOG_JOB_TERMINATED for HTCondor Node propogate_000008 (212904265.0.0) {07/08/24 11:53:36}
07/08/24 11:53:38 Number of idle job procs: 0
07/08/24 11:53:38 Node propogate_000008 job proc (212904265.0.0) completed successfully.
07/08/24 11:53:38 Node propogate_000008 job completed
07/08/24 11:53:38 DAG status: 0 (DAG_STATUS_OK)
07/08/24 11:53:38 Of 10 nodes total:
07/08/24 11:53:38  Done     Pre   Queued    Post   Ready   Un-Ready   Failed
07/08/24 11:53:38   ===     ===      ===     ===     ===        ===      ===
07/08/24 11:53:38     7       0        3       0       0          0        0
07/08/24 11:53:38 0 job proc(s) currently held
07/08/24 11:53:38 DAGMan Runtime Statistics: [ EventCycleTimeAvg = 0.01235201982859631; EventCycleTimeCount = 2021.0; EventCycleTimeMax = 6.250487089157104; EventCycleTimeMin = 2.09808349609375E-05; EventCycleTimeStd = 0.2721730773624571; EventCycleTimeSum = 24.96343207359314; LogProcessCycleTimeAvg = 0.0006091859605577257; LogProcessCycleTimeCount = 18.0; LogProcessCycleTimeMax = 0.003331184387207031; LogProcessCycleTimeMin = 8.893013000488281E-05; LogProcessCycleTimeStd = 0.0007620845366815746; LogProcessCycleTimeSum = 0.01096534729003906; SleepCycleTimeAvg = 5.004433012787273; SleepCycleTimeCount = 2021.0; SleepCycleTimeMax = 5.120975017547607; SleepCycleTimeMin = 4.004982948303223; SleepCycleTimeStd = 0.02245230734515743; SleepCycleTimeSum = 10113.95911884308; SubmitCycleTimeAvg = 0.01215388760722356; SubmitCycleTimeCount = 2022.0; SubmitCycleTimeMax = 6.250279188156128; SubmitCycleTimeMin = 5.960464477539062E-06; SubmitCycleTimeStd = 0.2720894820969729; SubmitCycleTimeSum = 24.57516074180603; ]
07/08/24 12:03:39 601 seconds since last log event
07/08/24 12:03:39 Pending DAG nodes:
07/08/24 12:03:39   Node propogate_000002, HTCondor ID 212903439, status STATUS_SUBMITTED
07/08/24 12:03:39   Node propogate_000003, HTCondor ID 212904269, status STATUS_SUBMITTED
07/08/24 12:03:39   Node propogate_000009, HTCondor ID 212904266, status STATUS_SUBMITTED
07/08/24 12:07:59 Currently monitoring 1 HTCondor log file(s)
07/08/24 12:07:59 Event: ULOG_JOB_TERMINATED for HTCondor Node propogate_000009 (212904266.0.0) {07/08/24 12:07:54}
07/08/24 12:07:59 Number of idle job procs: 0
07/08/24 12:07:59 Node propogate_000009 job proc (212904266.0.0) completed successfully.
07/08/24 12:07:59 Node propogate_000009 job completed
07/08/24 12:07:59 DAG status: 0 (DAG_STATUS_OK)
07/08/24 12:07:59 Of 10 nodes total:
07/08/24 12:07:59  Done     Pre   Queued    Post   Ready   Un-Ready   Failed
07/08/24 12:07:59   ===     ===      ===     ===     ===        ===      ===
07/08/24 12:07:59     8       0        2       0       0          0        0
07/08/24 12:07:59 0 job proc(s) currently held
07/08/24 12:07:59 DAGMan Runtime Statistics: [ EventCycleTimeAvg = 0.01140569172870933; EventCycleTimeCount = 2193.0; EventCycleTimeMax = 6.250487089157104; EventCycleTimeMin = 2.09808349609375E-05; EventCycleTimeStd = 0.2612969180163314; EventCycleTimeSum = 25.01268196105957; LogProcessCycleTimeAvg = 0.0006142791948820415; LogProcessCycleTimeCount = 19.0; LogProcessCycleTimeMax = 0.003331184387207031; LogProcessCycleTimeMin = 8.893013000488281E-05; LogProcessCycleTimeStd = 0.0007409457219627296; LogProcessCycleTimeSum = 0.01167130470275879; SleepCycleTimeAvg = 5.00446617880533; SleepCycleTimeCount = 2193.0; SleepCycleTimeMax = 5.120975017547607; SleepCycleTimeMin = 4.004982948303223; SleepCycleTimeStd = 0.02156332396268446; SleepCycleTimeSum = 10974.79433012009; SubmitCycleTimeAvg = 0.0112090281388275; SubmitCycleTimeCount = 2194.0; SubmitCycleTimeMax = 6.250279188156128; SubmitCycleTimeMin = 5.960464477539062E-06; SubmitCycleTimeStd = 0.2612216049439935; SubmitCycleTimeSum = 24.59260773658752; ]
07/08/24 12:18:00 601 seconds since last log event
07/08/24 12:18:00 Pending DAG nodes:
07/08/24 12:18:00   Node propogate_000002, HTCondor ID 212903439, status STATUS_SUBMITTED
07/08/24 12:18:00   Node propogate_000003, HTCondor ID 212904269, status STATUS_SUBMITTED
07/08/24 12:20:00 Currently monitoring 1 HTCondor log file(s)
07/08/24 12:20:00 Event: ULOG_JOB_TERMINATED for HTCondor Node propogate_000002 (212903439.0.0) {07/08/24 12:19:56}
07/08/24 12:20:00 Number of idle job procs: 0
07/08/24 12:20:00 Node propogate_000002 job proc (212903439.0.0) completed successfully.
07/08/24 12:20:00 Node propogate_000002 job completed
07/08/24 12:20:00 DAG status: 0 (DAG_STATUS_OK)
07/08/24 12:20:00 Of 10 nodes total:
07/08/24 12:20:00  Done     Pre   Queued    Post   Ready   Un-Ready   Failed
07/08/24 12:20:00   ===     ===      ===     ===     ===        ===      ===
07/08/24 12:20:00     9       0        1       0       0          0        0
07/08/24 12:20:00 0 job proc(s) currently held
07/08/24 12:20:00 DAGMan Runtime Statistics: [ EventCycleTimeAvg = 0.01071380834371349; EventCycleTimeCount = 2337.0; EventCycleTimeMax = 6.250487089157104; EventCycleTimeMin = 2.09808349609375E-05; EventCycleTimeStd = 0.2531295927546431; EventCycleTimeSum = 25.03817009925842; LogProcessCycleTimeAvg = 0.0006070613861083984; LogProcessCycleTimeCount = 20.0; LogProcessCycleTimeMax = 0.003331184387207031; LogProcessCycleTimeMin = 8.893013000488281E-05; LogProcessCycleTimeStd = 0.0007219056252008133; LogProcessCycleTimeSum = 0.01214122772216797; SleepCycleTimeAvg = 5.004503127087065; SleepCycleTimeCount = 2337.0; SleepCycleTimeMax = 5.120975017547607; SleepCycleTimeMin = 4.004982948303223; SleepCycleTimeStd = 0.02089302816193412; SleepCycleTimeSum = 11695.52380800247; SubmitCycleTimeAvg = 0.01052118591817655; SubmitCycleTimeCount = 2338.0; SubmitCycleTimeMax = 6.250279188156128; SubmitCycleTimeMin = 5.960464477539062E-06; SubmitCycleTimeStd = 0.2530600034136187; SubmitCycleTimeSum = 24.59853267669678; ]
07/08/24 12:30:00 600 seconds since last log event
07/08/24 12:30:00 Pending DAG nodes:
07/08/24 12:30:00   Node propogate_000003, HTCondor ID 212904269, status STATUS_SUBMITTED
07/08/24 12:40:01 1201 seconds since last log event
07/08/24 12:40:01 Pending DAG nodes:
07/08/24 12:40:01   Node propogate_000003, HTCondor ID 212904269, status STATUS_SUBMITTED
07/08/24 12:50:01 1801 seconds since last log event
07/08/24 12:50:01 Pending DAG nodes:
07/08/24 12:50:01   Node propogate_000003, HTCondor ID 212904269, status STATUS_SUBMITTED
07/08/24 13:00:02 2402 seconds since last log event
07/08/24 13:00:02 Pending DAG nodes:
07/08/24 13:00:02   Node propogate_000003, HTCondor ID 212904269, status STATUS_SUBMITTED
07/08/24 13:10:03 3003 seconds since last log event
07/08/24 13:10:03 Pending DAG nodes:
07/08/24 13:10:03   Node propogate_000003, HTCondor ID 212904269, status STATUS_SUBMITTED
07/08/24 13:15:48 Currently monitoring 1 HTCondor log file(s)
07/08/24 13:15:48 Event: ULOG_JOB_TERMINATED for HTCondor Node propogate_000003 (212904269.0.0) {07/08/24 13:15:48}
07/08/24 13:15:48 Number of idle job procs: 0
07/08/24 13:15:48 Node propogate_000003 job proc (212904269.0.0) completed successfully.
07/08/24 13:15:48 Node propogate_000003 job completed
07/08/24 13:15:48 DAG status: 0 (DAG_STATUS_OK)
07/08/24 13:15:48 Of 10 nodes total:
07/08/24 13:15:48  Done     Pre   Queued    Post   Ready   Un-Ready   Failed
07/08/24 13:15:48   ===     ===      ===     ===     ===        ===      ===
07/08/24 13:15:48    10       0        0       0       0          0        0
07/08/24 13:15:48 0 job proc(s) currently held
07/08/24 13:15:48 DAGMan Runtime Statistics: [ EventCycleTimeAvg = 0.008519466448369538; EventCycleTimeCount = 3006.0; EventCycleTimeMax = 6.250487089157104; EventCycleTimeMin = 2.09808349609375E-05; EventCycleTimeStd = 0.2232655315237497; EventCycleTimeSum = 25.60951614379883; LogProcessCycleTimeAvg = 0.0006117707207089378; LogProcessCycleTimeCount = 21.0; LogProcessCycleTimeMax = 0.003331184387207031; LogProcessCycleTimeMin = 8.893013000488281E-05; LogProcessCycleTimeStd = 0.0007039574416054744; LogProcessCycleTimeSum = 0.0128471851348877; SleepCycleTimeAvg = 5.004309630679513; SleepCycleTimeCount = 3006.0; SleepCycleTimeMax = 5.120975017547607; SleepCycleTimeMin = 4.004141092300415; SleepCycleTimeStd = 0.02597320547780846; SleepCycleTimeSum = 15042.95474982262; SubmitCycleTimeAvg = 0.008203043745806497; SubmitCycleTimeCount = 3007.0; SubmitCycleTimeMax = 6.250279188156128; SubmitCycleTimeMin = 5.960464477539062E-06; SubmitCycleTimeStd = 0.2231724896247168; SubmitCycleTimeSum = 24.66655254364014; ]
07/08/24 13:15:48 All jobs Completed!
07/08/24 13:15:48 Note: 0 total job deferrals because of -MaxJobs limit (0)
07/08/24 13:15:48 Note: 0 total job deferrals because of -MaxIdle limit (1000)
07/08/24 13:15:48 Note: 0 total job deferrals because of node category throttles
07/08/24 13:15:48 Note: 0 total PRE script deferrals because of -MaxPre limit (20) or DEFER
07/08/24 13:15:48 Note: 0 total POST script deferrals because of -MaxPost limit (20) or DEFER
07/08/24 13:15:48 Note: 0 total HOLD script deferrals because of -MaxHold limit (20) or DEFER
07/08/24 13:15:48 DAG status: 0 (DAG_STATUS_OK)
07/08/24 13:15:48 Of 10 nodes total:
07/08/24 13:15:48  Done     Pre   Queued    Post   Ready   Un-Ready   Failed
07/08/24 13:15:48   ===     ===      ===     ===     ===        ===      ===
07/08/24 13:15:48    10       0        0       0       0          0        0
07/08/24 13:15:48 0 job proc(s) currently held
07/08/24 13:15:48 DAGMan Runtime Statistics: [ EventCycleTimeAvg = 0.008519466448369538; EventCycleTimeCount = 3006.0; EventCycleTimeMax = 6.250487089157104; EventCycleTimeMin = 2.09808349609375E-05; EventCycleTimeStd = 0.2232655315237497; EventCycleTimeSum = 25.60951614379883; LogProcessCycleTimeAvg = 0.0006117707207089378; LogProcessCycleTimeCount = 21.0; LogProcessCycleTimeMax = 0.003331184387207031; LogProcessCycleTimeMin = 8.893013000488281E-05; LogProcessCycleTimeStd = 0.0007039574416054744; LogProcessCycleTimeSum = 0.0128471851348877; SleepCycleTimeAvg = 5.004309630679513; SleepCycleTimeCount = 3006.0; SleepCycleTimeMax = 5.120975017547607; SleepCycleTimeMin = 4.004141092300415; SleepCycleTimeStd = 0.02597320547780846; SleepCycleTimeSum = 15042.95474982262; SubmitCycleTimeAvg = 0.008203043745806497; SubmitCycleTimeCount = 3007.0; SubmitCycleTimeMax = 6.250279188156128; SubmitCycleTimeMin = 5.960464477539062E-06; SubmitCycleTimeStd = 0.2231724896247168; SubmitCycleTimeSum = 24.66655254364014; ]
07/08/24 13:15:48 Wrote metrics file L2_22803_0000000-0000999.dag.metrics.
07/08/24 13:15:48 DAGMan Runtime Statistics: [ EventCycleTimeAvg = 0.008519466448369538; EventCycleTimeCount = 3006.0; EventCycleTimeMax = 6.250487089157104; EventCycleTimeMin = 2.09808349609375E-05; EventCycleTimeStd = 0.2232655315237497; EventCycleTimeSum = 25.60951614379883; LogProcessCycleTimeAvg = 0.0006117707207089378; LogProcessCycleTimeCount = 21.0; LogProcessCycleTimeMax = 0.003331184387207031; LogProcessCycleTimeMin = 8.893013000488281E-05; LogProcessCycleTimeStd = 0.0007039574416054744; LogProcessCycleTimeSum = 0.0128471851348877; SleepCycleTimeAvg = 5.004309630679513; SleepCycleTimeCount = 3006.0; SleepCycleTimeMax = 5.120975017547607; SleepCycleTimeMin = 4.004141092300415; SleepCycleTimeStd = 0.02597320547780846; SleepCycleTimeSum = 15042.95474982262; SubmitCycleTimeAvg = 0.008203043745806497; SubmitCycleTimeCount = 3007.0; SubmitCycleTimeMax = 6.250279188156128; SubmitCycleTimeMin = 5.960464477539062E-06; SubmitCycleTimeStd = 0.2231724896247168; SubmitCycleTimeSum = 24.66655254364014; ]
07/08/24 13:15:48 **** condor_scheduniv_exec.212903202.0 (condor_DAGMAN) pid 88105 EXITING WITH STATUS 0
