000 (212903431.000.000) 2024-07-08 09:04:41 Job submitted from host: <10.128.11.86:25462?addrs=10.128.11.86-25462&alias=submit-1.icecube.wisc.edu>
    DAG Node: propogate_000000
...
000 (212903436.000.000) 2024-07-08 09:04:42 Job submitted from host: <10.128.11.86:25462?addrs=10.128.11.86-25462&alias=submit-1.icecube.wisc.edu>
    DAG Node: propogate_000001
...
000 (212903439.000.000) 2024-07-08 09:04:43 Job submitted from host: <10.128.11.86:25462?addrs=10.128.11.86-25462&alias=submit-1.icecube.wisc.edu>
    DAG Node: propogate_000002
...
000 (212903442.000.000) 2024-07-08 09:04:44 Job submitted from host: <10.128.11.86:25462?addrs=10.128.11.86-25462&alias=submit-1.icecube.wisc.edu>
    DAG Node: propogate_000003
...
000 (212903445.000.000) 2024-07-08 09:04:46 Job submitted from host: <10.128.11.86:25462?addrs=10.128.11.86-25462&alias=submit-1.icecube.wisc.edu>
    DAG Node: propogate_000004
...
000 (212903457.000.000) 2024-07-08 09:04:52 Job submitted from host: <10.128.11.86:25462?addrs=10.128.11.86-25462&alias=submit-1.icecube.wisc.edu>
    DAG Node: propogate_000005
...
000 (212903462.000.000) 2024-07-08 09:04:53 Job submitted from host: <10.128.11.86:25462?addrs=10.128.11.86-25462&alias=submit-1.icecube.wisc.edu>
    DAG Node: propogate_000006
...
000 (212903465.000.000) 2024-07-08 09:04:54 Job submitted from host: <10.128.11.86:25462?addrs=10.128.11.86-25462&alias=submit-1.icecube.wisc.edu>
    DAG Node: propogate_000007
...
000 (212903468.000.000) 2024-07-08 09:04:56 Job submitted from host: <10.128.11.86:25462?addrs=10.128.11.86-25462&alias=submit-1.icecube.wisc.edu>
    DAG Node: propogate_000008
...
000 (212903471.000.000) 2024-07-08 09:04:57 Job submitted from host: <10.128.11.86:25462?addrs=10.128.11.86-25462&alias=submit-1.icecube.wisc.edu>
    DAG Node: propogate_000009
...
001 (212903431.000.000) 2024-07-08 09:07:37 Job executing on host: <10.128.11.36:38641?addrs=10.128.11.36-38641&alias=c8-17.icecube.wisc.edu>
...
001 (212903436.000.000) 2024-07-08 09:10:37 Job executing on host: <10.128.11.116:51290?addrs=10.128.11.116-51290&alias=n-56.icecube.wisc.edu>
...
001 (212903439.000.000) 2024-07-08 09:11:38 Job executing on host: <10.128.10.95:45331?addrs=10.128.10.95-45331&alias=n-11.icecube.wisc.edu>
...
001 (212903457.000.000) 2024-07-08 09:11:38 Job executing on host: <10.128.10.191:50917?addrs=10.128.10.191-50917&alias=n-168.icecube.wisc.edu>
...
001 (212903442.000.000) 2024-07-08 09:11:38 Job executing on host: <10.128.10.238:42362?addrs=10.128.10.238-42362&alias=gpu001.icecube.wisc.edu>
...
001 (212903462.000.000) 2024-07-08 09:11:38 Job executing on host: <10.128.10.238:42362?addrs=10.128.10.238-42362&alias=gpu001.icecube.wisc.edu>
...
001 (212903445.000.000) 2024-07-08 09:11:38 Job executing on host: <10.128.11.40:39160?addrs=10.128.11.40-39160&alias=c9-1.icecube.wisc.edu>
...
005 (212903442.000.000) 2024-07-08 09:11:38 Job terminated.
	(1) Normal termination (return value 255)
		Usr 0 00:00:00, Sys 0 00:00:00  -  Run Remote Usage
		Usr 0 00:00:00, Sys 0 00:00:00  -  Run Local Usage
		Usr 0 00:00:00, Sys 0 00:00:00  -  Total Remote Usage
		Usr 0 00:00:00, Sys 0 00:00:00  -  Total Local Usage
	479  -  Run Bytes Sent By Job
	423  -  Run Bytes Received By Job
	479  -  Total Bytes Sent By Job
	423  -  Total Bytes Received By Job
	Partitionable Resources :    Usage  Request Allocated 
	   admin_mutex_1         :                           0 
	   admin_mutex_2         :                           0 
	   admin_mutex_3         :                           0 
	   Cpus                  :                 1         1 
	   Disk (KB)             :       18  1000000   1382727 
	   GPUs                  :                           0 
	   machine_token         :                           0 
	   Memory (MB)           :        0     8000      8064 

	Job terminated of its own accord at 2024-07-08T14:11:38Z.
...
001 (212903465.000.000) 2024-07-08 09:11:38 Job executing on host: <10.128.10.238:42362?addrs=10.128.10.238-42362&alias=gpu001.icecube.wisc.edu>
...
005 (212903462.000.000) 2024-07-08 09:11:38 Job terminated.
	(1) Normal termination (return value 255)
		Usr 0 00:00:00, Sys 0 00:00:00  -  Run Remote Usage
		Usr 0 00:00:00, Sys 0 00:00:00  -  Run Local Usage
		Usr 0 00:00:00, Sys 0 00:00:00  -  Total Remote Usage
		Usr 0 00:00:00, Sys 0 00:00:00  -  Total Local Usage
	479  -  Run Bytes Sent By Job
	423  -  Run Bytes Received By Job
	479  -  Total Bytes Sent By Job
	423  -  Total Bytes Received By Job
	Partitionable Resources :    Usage  Request Allocated 
	   admin_mutex_1         :                           0 
	   admin_mutex_2         :                           0 
	   admin_mutex_3         :                           0 
	   Cpus                  :                 1         1 
	   Disk (KB)             :       17  1000000   1382727 
	   GPUs                  :                           0 
	   machine_token         :                           0 
	   Memory (MB)           :        0     8000      8064 

	Job terminated of its own accord at 2024-07-08T14:11:38Z.
...
001 (212903468.000.000) 2024-07-08 09:11:38 Job executing on host: <10.128.10.238:42362?addrs=10.128.10.238-42362&alias=gpu001.icecube.wisc.edu>
...
005 (212903465.000.000) 2024-07-08 09:11:38 Job terminated.
	(1) Normal termination (return value 255)
		Usr 0 00:00:00, Sys 0 00:00:00  -  Run Remote Usage
		Usr 0 00:00:00, Sys 0 00:00:00  -  Run Local Usage
		Usr 0 00:00:00, Sys 0 00:00:00  -  Total Remote Usage
		Usr 0 00:00:00, Sys 0 00:00:00  -  Total Local Usage
	479  -  Run Bytes Sent By Job
	423  -  Run Bytes Received By Job
	479  -  Total Bytes Sent By Job
	423  -  Total Bytes Received By Job
	Partitionable Resources :    Usage  Request Allocated 
	   admin_mutex_1         :                           0 
	   admin_mutex_2         :                           0 
	   admin_mutex_3         :                           0 
	   Cpus                  :                 1         1 
	   Disk (KB)             :       17  1000000   1382727 
	   GPUs                  :                           0 
	   machine_token         :                           0 
	   Memory (MB)           :        0     8000      8064 

	Job terminated of its own accord at 2024-07-08T14:11:38Z.
...
001 (212903471.000.000) 2024-07-08 09:11:38 Job executing on host: <10.128.10.238:42362?addrs=10.128.10.238-42362&alias=gpu001.icecube.wisc.edu>
...
005 (212903468.000.000) 2024-07-08 09:11:38 Job terminated.
	(1) Normal termination (return value 255)
		Usr 0 00:00:00, Sys 0 00:00:00  -  Run Remote Usage
		Usr 0 00:00:00, Sys 0 00:00:00  -  Run Local Usage
		Usr 0 00:00:00, Sys 0 00:00:00  -  Total Remote Usage
		Usr 0 00:00:00, Sys 0 00:00:00  -  Total Local Usage
	479  -  Run Bytes Sent By Job
	423  -  Run Bytes Received By Job
	479  -  Total Bytes Sent By Job
	423  -  Total Bytes Received By Job
	Partitionable Resources :    Usage  Request Allocated 
	   admin_mutex_1         :                           0 
	   admin_mutex_2         :                           0 
	   admin_mutex_3         :                           0 
	   Cpus                  :                 1         1 
	   Disk (KB)             :       17  1000000   1382727 
	   GPUs                  :                           0 
	   machine_token         :                           0 
	   Memory (MB)           :        0     8000      8064 

	Job terminated of its own accord at 2024-07-08T14:11:38Z.
...
005 (212903471.000.000) 2024-07-08 09:11:39 Job terminated.
	(1) Normal termination (return value 255)
		Usr 0 00:00:00, Sys 0 00:00:00  -  Run Remote Usage
		Usr 0 00:00:00, Sys 0 00:00:00  -  Run Local Usage
		Usr 0 00:00:00, Sys 0 00:00:00  -  Total Remote Usage
		Usr 0 00:00:00, Sys 0 00:00:00  -  Total Local Usage
	479  -  Run Bytes Sent By Job
	423  -  Run Bytes Received By Job
	479  -  Total Bytes Sent By Job
	423  -  Total Bytes Received By Job
	Partitionable Resources :    Usage  Request Allocated 
	   admin_mutex_1         :                           0 
	   admin_mutex_2         :                           0 
	   admin_mutex_3         :                           0 
	   Cpus                  :                 1         1 
	   Disk (KB)             :       17  1000000   1382727 
	   GPUs                  :                           0 
	   machine_token         :                           0 
	   Memory (MB)           :        0     8000      8064 

	Job terminated of its own accord at 2024-07-08T14:11:39Z.
...
000 (212904182.000.000) 2024-07-08 09:11:49 Job submitted from host: <10.128.11.86:25462?addrs=10.128.11.86-25462&alias=submit-1.icecube.wisc.edu>
    DAG Node: propogate_000003
...
000 (212904185.000.000) 2024-07-08 09:11:50 Job submitted from host: <10.128.11.86:25462?addrs=10.128.11.86-25462&alias=submit-1.icecube.wisc.edu>
    DAG Node: propogate_000006
...
000 (212904189.000.000) 2024-07-08 09:11:51 Job submitted from host: <10.128.11.86:25462?addrs=10.128.11.86-25462&alias=submit-1.icecube.wisc.edu>
    DAG Node: propogate_000007
...
000 (212904193.000.000) 2024-07-08 09:11:52 Job submitted from host: <10.128.11.86:25462?addrs=10.128.11.86-25462&alias=submit-1.icecube.wisc.edu>
    DAG Node: propogate_000008
...
000 (212904197.000.000) 2024-07-08 09:11:53 Job submitted from host: <10.128.11.86:25462?addrs=10.128.11.86-25462&alias=submit-1.icecube.wisc.edu>
    DAG Node: propogate_000009
...
001 (212904185.000.000) 2024-07-08 09:12:28 Job executing on host: <10.128.10.238:42362?addrs=10.128.10.238-42362&alias=gpu001.icecube.wisc.edu>
...
001 (212904189.000.000) 2024-07-08 09:12:29 Job executing on host: <10.128.10.238:42362?addrs=10.128.10.238-42362&alias=gpu001.icecube.wisc.edu>
...
005 (212904185.000.000) 2024-07-08 09:12:29 Job terminated.
	(1) Normal termination (return value 255)
		Usr 0 00:00:00, Sys 0 00:00:00  -  Run Remote Usage
		Usr 0 00:00:00, Sys 0 00:00:00  -  Run Local Usage
		Usr 0 00:00:00, Sys 0 00:00:00  -  Total Remote Usage
		Usr 0 00:00:00, Sys 0 00:00:00  -  Total Local Usage
	479  -  Run Bytes Sent By Job
	423  -  Run Bytes Received By Job
	479  -  Total Bytes Sent By Job
	423  -  Total Bytes Received By Job
	Partitionable Resources :    Usage  Request Allocated 
	   admin_mutex_1         :                           0 
	   admin_mutex_2         :                           0 
	   admin_mutex_3         :                           0 
	   Cpus                  :                 1         1 
	   Disk (KB)             :       17  1000000   1382727 
	   GPUs                  :                           0 
	   machine_token         :                           0 
	   Memory (MB)           :        0     8000      8064 

	Job terminated of its own accord at 2024-07-08T14:12:28Z.
...
001 (212904193.000.000) 2024-07-08 09:12:29 Job executing on host: <10.128.10.238:42362?addrs=10.128.10.238-42362&alias=gpu001.icecube.wisc.edu>
...
005 (212904189.000.000) 2024-07-08 09:12:29 Job terminated.
	(1) Normal termination (return value 255)
		Usr 0 00:00:00, Sys 0 00:00:00  -  Run Remote Usage
		Usr 0 00:00:00, Sys 0 00:00:00  -  Run Local Usage
		Usr 0 00:00:00, Sys 0 00:00:00  -  Total Remote Usage
		Usr 0 00:00:00, Sys 0 00:00:00  -  Total Local Usage
	479  -  Run Bytes Sent By Job
	423  -  Run Bytes Received By Job
	479  -  Total Bytes Sent By Job
	423  -  Total Bytes Received By Job
	Partitionable Resources :    Usage  Request Allocated 
	   admin_mutex_1         :                           0 
	   admin_mutex_2         :                           0 
	   admin_mutex_3         :                           0 
	   Cpus                  :                 1         1 
	   Disk (KB)             :       17  1000000   1382727 
	   GPUs                  :                           0 
	   machine_token         :                           0 
	   Memory (MB)           :        0     8000      8064 

	Job terminated of its own accord at 2024-07-08T14:12:29Z.
...
001 (212904197.000.000) 2024-07-08 09:12:29 Job executing on host: <10.128.10.238:42362?addrs=10.128.10.238-42362&alias=gpu001.icecube.wisc.edu>
...
005 (212904193.000.000) 2024-07-08 09:12:29 Job terminated.
	(1) Normal termination (return value 255)
		Usr 0 00:00:00, Sys 0 00:00:00  -  Run Remote Usage
		Usr 0 00:00:00, Sys 0 00:00:00  -  Run Local Usage
		Usr 0 00:00:00, Sys 0 00:00:00  -  Total Remote Usage
		Usr 0 00:00:00, Sys 0 00:00:00  -  Total Local Usage
	479  -  Run Bytes Sent By Job
	423  -  Run Bytes Received By Job
	479  -  Total Bytes Sent By Job
	423  -  Total Bytes Received By Job
	Partitionable Resources :    Usage  Request Allocated 
	   admin_mutex_1         :                           0 
	   admin_mutex_2         :                           0 
	   admin_mutex_3         :                           0 
	   Cpus                  :                 1         1 
	   Disk (KB)             :       17  1000000   1382727 
	   GPUs                  :                           0 
	   machine_token         :                           0 
	   Memory (MB)           :        0     8000      8064 

	Job terminated of its own accord at 2024-07-08T14:12:29Z.
...
005 (212904197.000.000) 2024-07-08 09:12:29 Job terminated.
	(1) Normal termination (return value 255)
		Usr 0 00:00:00, Sys 0 00:00:00  -  Run Remote Usage
		Usr 0 00:00:00, Sys 0 00:00:00  -  Run Local Usage
		Usr 0 00:00:00, Sys 0 00:00:00  -  Total Remote Usage
		Usr 0 00:00:00, Sys 0 00:00:00  -  Total Local Usage
	479  -  Run Bytes Sent By Job
	423  -  Run Bytes Received By Job
	479  -  Total Bytes Sent By Job
	423  -  Total Bytes Received By Job
	Partitionable Resources :    Usage  Request Allocated 
	   admin_mutex_1         :                           0 
	   admin_mutex_2         :                           0 
	   admin_mutex_3         :                           0 
	   Cpus                  :                 1         1 
	   Disk (KB)             :       17  1000000   1382727 
	   GPUs                  :                           0 
	   machine_token         :                           0 
	   Memory (MB)           :        0     8000      8064 

	Job terminated of its own accord at 2024-07-08T14:12:29Z.
...
001 (212904182.000.000) 2024-07-08 09:12:29 Job executing on host: <10.128.10.238:42362?addrs=10.128.10.238-42362&alias=gpu001.icecube.wisc.edu>
...
005 (212904182.000.000) 2024-07-08 09:12:29 Job terminated.
	(1) Normal termination (return value 255)
		Usr 0 00:00:00, Sys 0 00:00:00  -  Run Remote Usage
		Usr 0 00:00:00, Sys 0 00:00:00  -  Run Local Usage
		Usr 0 00:00:00, Sys 0 00:00:00  -  Total Remote Usage
		Usr 0 00:00:00, Sys 0 00:00:00  -  Total Local Usage
	479  -  Run Bytes Sent By Job
	423  -  Run Bytes Received By Job
	479  -  Total Bytes Sent By Job
	423  -  Total Bytes Received By Job
	Partitionable Resources :    Usage  Request Allocated 
	   admin_mutex_1         :                           0 
	   admin_mutex_2         :                           0 
	   admin_mutex_3         :                           0 
	   Cpus                  :                 1         1 
	   Disk (KB)             :       18  1000000   1382727 
	   GPUs                  :                           0 
	   machine_token         :                           0 
	   Memory (MB)           :        0     8000      8064 

	Job terminated of its own accord at 2024-07-08T14:12:29Z.
...
000 (212904263.000.000) 2024-07-08 09:12:40 Job submitted from host: <10.128.11.86:25462?addrs=10.128.11.86-25462&alias=submit-1.icecube.wisc.edu>
    DAG Node: propogate_000006
...
000 (212904264.000.000) 2024-07-08 09:12:41 Job submitted from host: <10.128.11.86:25462?addrs=10.128.11.86-25462&alias=submit-1.icecube.wisc.edu>
    DAG Node: propogate_000007
...
000 (212904265.000.000) 2024-07-08 09:12:42 Job submitted from host: <10.128.11.86:25462?addrs=10.128.11.86-25462&alias=submit-1.icecube.wisc.edu>
    DAG Node: propogate_000008
...
000 (212904266.000.000) 2024-07-08 09:12:43 Job submitted from host: <10.128.11.86:25462?addrs=10.128.11.86-25462&alias=submit-1.icecube.wisc.edu>
    DAG Node: propogate_000009
...
000 (212904269.000.000) 2024-07-08 09:12:44 Job submitted from host: <10.128.11.86:25462?addrs=10.128.11.86-25462&alias=submit-1.icecube.wisc.edu>
    DAG Node: propogate_000003
...
001 (212904263.000.000) 2024-07-08 09:19:29 Job executing on host: <10.128.10.61:37600?addrs=10.128.10.61-37600&alias=n-151.icecube.wisc.edu>
...
001 (212904264.000.000) 2024-07-08 09:19:29 Job executing on host: <10.128.11.108:58917?addrs=10.128.11.108-58917&alias=n-49.icecube.wisc.edu>
...
001 (212904265.000.000) 2024-07-08 09:19:29 Job executing on host: <10.128.11.115:48559?addrs=10.128.11.115-48559&alias=n-55.icecube.wisc.edu>
...
001 (212904266.000.000) 2024-07-08 09:20:29 Job executing on host: <10.128.10.41:34141?addrs=10.128.10.41-34141&alias=n-131.icecube.wisc.edu>
...
001 (212904269.000.000) 2024-07-08 09:20:29 Job executing on host: <10.128.11.106:48079?addrs=10.128.11.106-48079&alias=n-47.icecube.wisc.edu>
...
005 (212903457.000.000) 2024-07-08 10:10:06 Job terminated.
	(1) Normal termination (return value 0)
		Usr 0 00:54:41, Sys 0 00:00:06  -  Run Remote Usage
		Usr 0 00:00:00, Sys 0 00:00:00  -  Run Local Usage
		Usr 0 00:54:41, Sys 0 00:00:06  -  Total Remote Usage
		Usr 0 00:00:00, Sys 0 00:00:00  -  Total Local Usage
	557255  -  Run Bytes Sent By Job
	423  -  Run Bytes Received By Job
	557255  -  Total Bytes Sent By Job
	423  -  Total Bytes Received By Job
	Partitionable Resources :    Usage  Request Allocated 
	   admin_mutex_1         :                           0 
	   admin_mutex_2         :                           0 
	   admin_mutex_3         :                           0 
	   Cpus                  :     0.99        1         1 
	   Disk (KB)             :   613     1000000   1232215 
	   GPUs                  :                           0 
	   machine_token         :                           0 
	   Memory (MB)           :   320        8000      8064 

	Job terminated of its own accord at 2024-07-08T15:10:06Z.
...
005 (212903431.000.000) 2024-07-08 11:31:09 Job terminated.
	(1) Normal termination (return value 0)
		Usr 0 02:22:21, Sys 0 00:00:14  -  Run Remote Usage
		Usr 0 00:00:00, Sys 0 00:00:00  -  Run Local Usage
		Usr 0 02:22:21, Sys 0 00:00:14  -  Total Remote Usage
		Usr 0 00:00:00, Sys 0 00:00:00  -  Total Local Usage
	570833  -  Run Bytes Sent By Job
	423  -  Run Bytes Received By Job
	570833  -  Total Bytes Sent By Job
	423  -  Total Bytes Received By Job
	Partitionable Resources :    Usage  Request Allocated 
	   admin_mutex_1         :                           0 
	   admin_mutex_2         :                           0 
	   admin_mutex_3         :                           0 
	   Cpus                  :     1.00        1         1 
	   Disk (KB)             :   627     1000000   3290873 
	   GPUs                  :                           0 
	   machine_token         :                           0 
	   Memory (MB)           :   331        8000      8064 

	Job terminated of its own accord at 2024-07-08T16:31:09Z.
...
005 (212903445.000.000) 2024-07-08 11:33:32 Job terminated.
	(1) Normal termination (return value 0)
		Usr 0 02:21:06, Sys 0 00:00:15  -  Run Remote Usage
		Usr 0 00:00:00, Sys 0 00:00:00  -  Run Local Usage
		Usr 0 02:21:06, Sys 0 00:00:15  -  Total Remote Usage
		Usr 0 00:00:00, Sys 0 00:00:00  -  Total Local Usage
	560852  -  Run Bytes Sent By Job
	423  -  Run Bytes Received By Job
	560852  -  Total Bytes Sent By Job
	423  -  Total Bytes Received By Job
	Partitionable Resources :    Usage  Request Allocated 
	   admin_mutex_1         :                           0 
	   admin_mutex_2         :                           0 
	   admin_mutex_3         :                           0 
	   Cpus                  :     1.00        1         1 
	   Disk (KB)             :   616     1000000   3290031 
	   GPUs                  :                           0 
	   machine_token         :                           0 
	   Memory (MB)           :   364        8000      8064 

	Job terminated of its own accord at 2024-07-08T16:33:31Z.
...
005 (212904264.000.000) 2024-07-08 11:38:57 Job terminated.
	(1) Normal termination (return value 0)
		Usr 0 02:18:07, Sys 0 00:00:31  -  Run Remote Usage
		Usr 0 00:00:00, Sys 0 00:00:00  -  Run Local Usage
		Usr 0 02:18:07, Sys 0 00:00:31  -  Total Remote Usage
		Usr 0 00:00:00, Sys 0 00:00:00  -  Total Local Usage
	552910  -  Run Bytes Sent By Job
	423  -  Run Bytes Received By Job
	552910  -  Total Bytes Sent By Job
	423  -  Total Bytes Received By Job
	Partitionable Resources :    Usage  Request Allocated 
	   admin_mutex_1         :                           0 
	   admin_mutex_2         :                           0 
	   admin_mutex_3         :                           0 
	   Cpus                  :     1.00        1         1 
	   Disk (KB)             :   609     1000000   3346970 
	   GPUs                  :                           0 
	   machine_token         :                           0 
	   Memory (MB)           :   300        8000      8000 

	Job terminated of its own accord at 2024-07-08T16:38:57Z.
...
005 (212903436.000.000) 2024-07-08 11:39:33 Job terminated.
	(1) Normal termination (return value 0)
		Usr 0 02:28:16, Sys 0 00:00:13  -  Run Remote Usage
		Usr 0 00:00:00, Sys 0 00:00:00  -  Run Local Usage
		Usr 0 02:28:16, Sys 0 00:00:13  -  Total Remote Usage
		Usr 0 00:00:00, Sys 0 00:00:00  -  Total Local Usage
	562365  -  Run Bytes Sent By Job
	423  -  Run Bytes Received By Job
	562365  -  Total Bytes Sent By Job
	423  -  Total Bytes Received By Job
	Partitionable Resources :    Usage  Request Allocated 
	   admin_mutex_1         :                           0 
	   admin_mutex_2         :                           0 
	   admin_mutex_3         :                           0 
	   Cpus                  :     1.00        1         1 
	   Disk (KB)             :   618     1000000   1286235 
	   GPUs                  :                           0 
	   machine_token         :                           0 
	   Memory (MB)           :   370        8000      8064 

	Job terminated of its own accord at 2024-07-08T16:39:33Z.
...
005 (212904263.000.000) 2024-07-08 11:49:28 Job terminated.
	(1) Normal termination (return value 0)
		Usr 0 02:29:10, Sys 0 00:00:17  -  Run Remote Usage
		Usr 0 00:00:00, Sys 0 00:00:00  -  Run Local Usage
		Usr 0 02:29:10, Sys 0 00:00:17  -  Total Remote Usage
		Usr 0 00:00:00, Sys 0 00:00:00  -  Total Local Usage
	545062  -  Run Bytes Sent By Job
	423  -  Run Bytes Received By Job
	545062  -  Total Bytes Sent By Job
	423  -  Total Bytes Received By Job
	Partitionable Resources :    Usage  Request Allocated 
	   admin_mutex_1         :                           0 
	   admin_mutex_2         :                           0 
	   admin_mutex_3         :                           0 
	   Cpus                  :     1.00        1         1 
	   Disk (KB)             :   601     1000000   1477058 
	   GPUs                  :                           0 
	   machine_token         :                           0 
	   Memory (MB)           :   290        8000      8064 

	Job terminated of its own accord at 2024-07-08T16:49:28Z.
...
005 (212904265.000.000) 2024-07-08 11:53:36 Job terminated.
	(1) Normal termination (return value 0)
		Usr 0 02:33:21, Sys 0 00:00:16  -  Run Remote Usage
		Usr 0 00:00:00, Sys 0 00:00:00  -  Run Local Usage
		Usr 0 02:33:21, Sys 0 00:00:16  -  Total Remote Usage
		Usr 0 00:00:00, Sys 0 00:00:00  -  Total Local Usage
	560696  -  Run Bytes Sent By Job
	423  -  Run Bytes Received By Job
	560696  -  Total Bytes Sent By Job
	423  -  Total Bytes Received By Job
	Partitionable Resources :    Usage  Request Allocated 
	   admin_mutex_1         :                           0 
	   admin_mutex_2         :                           0 
	   admin_mutex_3         :                           0 
	   Cpus                  :     1.00        1         1 
	   Disk (KB)             :   616     1000000   1091102 
	   GPUs                  :                           0 
	   machine_token         :                           0 
	   Memory (MB)           :   376        8000      8064 

	Job terminated of its own accord at 2024-07-08T16:53:35Z.
...
005 (212904266.000.000) 2024-07-08 12:07:54 Job terminated.
	(1) Normal termination (return value 0)
		Usr 0 02:46:40, Sys 0 00:00:10  -  Run Remote Usage
		Usr 0 00:00:00, Sys 0 00:00:00  -  Run Local Usage
		Usr 0 02:46:40, Sys 0 00:00:10  -  Total Remote Usage
		Usr 0 00:00:00, Sys 0 00:00:00  -  Total Local Usage
	550920  -  Run Bytes Sent By Job
	423  -  Run Bytes Received By Job
	550920  -  Total Bytes Sent By Job
	423  -  Total Bytes Received By Job
	Partitionable Resources :    Usage  Request Allocated 
	   admin_mutex_1         :                           0 
	   admin_mutex_2         :                           0 
	   admin_mutex_3         :                           0 
	   Cpus                  :     1.00        1         1 
	   Disk (KB)             :   607     1000000   1165874 
	   GPUs                  :                           0 
	   machine_token         :                           0 
	   Memory (MB)           :   308        8000      8064 

	Job terminated of its own accord at 2024-07-08T17:07:54Z.
...
005 (212903439.000.000) 2024-07-08 12:19:56 Job terminated.
	(1) Normal termination (return value 0)
		Usr 0 03:07:16, Sys 0 00:00:22  -  Run Remote Usage
		Usr 0 00:00:00, Sys 0 00:00:00  -  Run Local Usage
		Usr 0 03:07:16, Sys 0 00:00:22  -  Total Remote Usage
		Usr 0 00:00:00, Sys 0 00:00:00  -  Total Local Usage
	533903  -  Run Bytes Sent By Job
	423  -  Run Bytes Received By Job
	533903  -  Total Bytes Sent By Job
	423  -  Total Bytes Received By Job
	Partitionable Resources :    Usage  Request Allocated 
	   admin_mutex_1         :                           0 
	   admin_mutex_2         :                           0 
	   admin_mutex_3         :                           0 
	   Cpus                  :     1.00        1         1 
	   Disk (KB)             :   590     1000000   1340045 
	   GPUs                  :                           0 
	   machine_token         :                           0 
	   Memory (MB)           :   311        8000      8064 

	Job terminated of its own accord at 2024-07-08T17:19:56Z.
...
005 (212904269.000.000) 2024-07-08 13:15:48 Job terminated.
	(1) Normal termination (return value 0)
		Usr 0 03:45:42, Sys 0 00:00:42  -  Run Remote Usage
		Usr 0 00:00:00, Sys 0 00:00:00  -  Run Local Usage
		Usr 0 03:45:42, Sys 0 00:00:42  -  Total Remote Usage
		Usr 0 00:00:00, Sys 0 00:00:00  -  Total Local Usage
	536665  -  Run Bytes Sent By Job
	423  -  Run Bytes Received By Job
	536665  -  Total Bytes Sent By Job
	423  -  Total Bytes Received By Job
	Partitionable Resources :    Usage  Request Allocated 
	   admin_mutex_1         :                           0 
	   admin_mutex_2         :                           0 
	   admin_mutex_3         :                           0 
	   Cpus                  :     0.94        1         1 
	   Disk (KB)             :   593     1000000   3252224 
	   GPUs                  :                           0 
	   machine_token         :                           0 
	   Memory (MB)           :   280        8000      8064 

	Job terminated of its own accord at 2024-07-08T18:15:48Z.
...
