10/06/24 18:54:47 Setting maximum file descriptors to 80000.
10/06/24 18:54:47 ******************************************************
10/06/24 18:54:47 ** condor_scheduniv_exec.216748124.0 (CONDOR_DAGMAN) STARTING UP
10/06/24 18:54:47 ** /usr/bin/condor_dagman
10/06/24 18:54:47 ** SubsystemInfo: name=DAGMAN type=DAGMAN(10) class=DAEMON(1)
10/06/24 18:54:47 ** Configuration: subsystem:DAGMAN local:<NONE> class:DAEMON
10/06/24 18:54:47 ** $CondorVersion: 8.9.11 Dec 28 2020 BuildID: 526068 PackageID: 8.9.11-1 $
10/06/24 18:54:47 ** $CondorPlatform: x86_64_CentOS7 $
10/06/24 18:54:47 ** PID = 63382
10/06/24 18:54:47 ** Log last touched time unavailable (No such file or directory)
10/06/24 18:54:47 ******************************************************
10/06/24 18:54:47 Using config source: /etc/condor/condor_config
10/06/24 18:54:47 Using local config sources: 
10/06/24 18:54:47    /etc/condor/config.d/00_logging
10/06/24 18:54:47    /etc/condor/config.d/00_security
10/06/24 18:54:47    /etc/condor/config.d/20_ganglia
10/06/24 18:54:47    /etc/condor/config.d/20_master_daemons
10/06/24 18:54:47    /etc/condor/config.d/20_schedd
10/06/24 18:54:47    /etc/condor/config.d/20_schedd_limit_num_jobs
10/06/24 18:54:47    /etc/condor/config.d/20_schedd_stats
10/06/24 18:54:47    /etc/condor/config.d/20_schedd_stats_rss
10/06/24 18:54:47    /etc/condor/config.d/20_shared_port
10/06/24 18:54:47    /etc/condor/config.d/20_submit
10/06/24 18:54:47    /etc/condor/config.d/21_submit_singularity
10/06/24 18:54:47    /etc/condor/config.d/60_npx_group_requirement
10/06/24 18:54:47    /usr/local/libexec/condor/sanctioned_users.py |
10/06/24 18:54:47    /etc/condor/config.d/60_npx_sanctioned_queue
10/06/24 18:54:47    /etc/condor/config.d/60_npx_submit
10/06/24 18:54:47    /etc/condor/config.d/60_npx_submit_sane_reqs
10/06/24 18:54:47    /etc/condor/config.d/60_npx_validate_accounting_groups
10/06/24 18:54:47    /etc/condor/config.d/99_block_submissions_group_long
10/06/24 18:54:47    /etc/condor/condor_config.local
10/06/24 18:54:47 config Macros = 157, Sorted = 157, StringBytes = 8652, TablesBytes = 5844
10/06/24 18:54:47 CLASSAD_CACHING is ENABLED
10/06/24 18:54:47 Daemon Log is logging: D_ALWAYS D_ERROR
10/06/24 18:54:47 DaemonCore: No command port requested.
10/06/24 18:54:47 DAGMAN_USE_STRICT setting: 1
10/06/24 18:54:47 DAGMAN_VERBOSITY setting: 3
10/06/24 18:54:47 DAGMAN_DEBUG_CACHE_SIZE setting: 5242880
10/06/24 18:54:47 DAGMAN_DEBUG_CACHE_ENABLE setting: False
10/06/24 18:54:47 DAGMAN_SUBMIT_DELAY setting: 1
10/06/24 18:54:47 DAGMAN_MAX_SUBMIT_ATTEMPTS setting: 6
10/06/24 18:54:47 DAGMAN_STARTUP_CYCLE_DETECT setting: False
10/06/24 18:54:47 DAGMAN_MAX_SUBMITS_PER_INTERVAL setting: 100
10/06/24 18:54:47 DAGMAN_AGGRESSIVE_SUBMIT setting: False
10/06/24 18:54:47 DAGMAN_USER_LOG_SCAN_INTERVAL setting: 5
10/06/24 18:54:47 DAGMAN_QUEUE_UPDATE_INTERVAL setting: 300
10/06/24 18:54:47 DAGMAN_DEFAULT_PRIORITY setting: 0
10/06/24 18:54:47 DAGMAN_SUPPRESS_NOTIFICATION setting: True
10/06/24 18:54:47 allow_events (DAGMAN_ALLOW_EVENTS) setting: 114
10/06/24 18:54:47 DAGMAN_RETRY_SUBMIT_FIRST setting: True
10/06/24 18:54:47 DAGMAN_RETRY_NODE_FIRST setting: False
10/06/24 18:54:47 DAGMAN_MAX_JOBS_IDLE setting: 1000
10/06/24 18:54:47 DAGMAN_MAX_JOBS_SUBMITTED setting: 0
10/06/24 18:54:47 DAGMAN_MAX_PRE_SCRIPTS setting: 20
10/06/24 18:54:47 DAGMAN_MAX_POST_SCRIPTS setting: 20
10/06/24 18:54:47 DAGMAN_MAX_HOLD_SCRIPTS setting: 20
10/06/24 18:54:47 DAGMAN_MUNGE_NODE_NAMES setting: True
10/06/24 18:54:47 DAGMAN_PROHIBIT_MULTI_JOBS setting: False
10/06/24 18:54:47 DAGMAN_SUBMIT_DEPTH_FIRST setting: False
10/06/24 18:54:47 DAGMAN_ALWAYS_RUN_POST setting: False
10/06/24 18:54:47 DAGMAN_CONDOR_SUBMIT_EXE setting: /usr/bin/condor_submit
10/06/24 18:54:47 DAGMAN_USE_CONDOR_SUBMIT setting: True
10/06/24 18:54:47 DAGMAN_ABORT_DUPLICATES setting: True
10/06/24 18:54:47 DAGMAN_ABORT_ON_SCARY_SUBMIT setting: True
10/06/24 18:54:47 DAGMAN_PENDING_REPORT_INTERVAL setting: 600
10/06/24 18:54:47 DAGMAN_AUTO_RESCUE setting: True
10/06/24 18:54:47 DAGMAN_MAX_RESCUE_NUM setting: 100
10/06/24 18:54:47 DAGMAN_WRITE_PARTIAL_RESCUE setting: True
10/06/24 18:54:47 DAGMAN_DEFAULT_NODE_LOG setting: @(DAG_DIR)/@(DAG_FILE).nodes.log
10/06/24 18:54:47 DAGMAN_GENERATE_SUBDAG_SUBMITS setting: True
10/06/24 18:54:47 DAGMAN_MAX_JOB_HOLDS setting: 100
10/06/24 18:54:47 DAGMAN_HOLD_CLAIM_TIME setting: 20
10/06/24 18:54:47 ALL_DEBUG setting: 
10/06/24 18:54:47 DAGMAN_DEBUG setting: 
10/06/24 18:54:47 DAGMAN_SUPPRESS_JOB_LOGS setting: False
10/06/24 18:54:47 DAGMAN_REMOVE_NODE_JOBS setting: True
10/06/24 18:54:47 DAGMAN will adjust edges after parsing
10/06/24 18:54:47 argv[0] == "condor_scheduniv_exec.216748124.0"
10/06/24 18:54:47 argv[1] == "-Lockfile"
10/06/24 18:54:47 argv[2] == "22803_0006000-0006999_make_sampled_corsika_hdf.dag.lock"
10/06/24 18:54:47 argv[3] == "-AutoRescue"
10/06/24 18:54:47 argv[4] == "1"
10/06/24 18:54:47 argv[5] == "-DoRescueFrom"
10/06/24 18:54:47 argv[6] == "0"
10/06/24 18:54:47 argv[7] == "-Dag"
10/06/24 18:54:47 argv[8] == "22803_0006000-0006999_make_sampled_corsika_hdf.dag"
10/06/24 18:54:47 argv[9] == "-Suppress_notification"
10/06/24 18:54:47 argv[10] == "-CsdVersion"
10/06/24 18:54:47 argv[11] == "$CondorVersion: 8.9.11 Dec 28 2020 BuildID: 526068 PackageID: 8.9.11-1 $"
10/06/24 18:54:47 argv[12] == "-Dagman"
10/06/24 18:54:47 argv[13] == "/usr/bin/condor_dagman"
10/06/24 18:54:47 Can't open directory "/etc/condor/passwords.d" as PRIV_ROOT, errno: 13 (Permission denied)
10/06/24 18:54:47 Can't open directory "/etc/condor/passwords.d" as PRIV_ROOT, errno: 13 (Permission denied)
10/06/24 18:54:47 Workflow batch-id: <216748124.0>
10/06/24 18:54:47 Workflow batch-name: <22803_0006000-0006999_make_sampled_corsika_hdf.dag+216748124>
10/06/24 18:54:47 Workflow accounting_group: <>
10/06/24 18:54:47 Workflow accounting_group_user: <>
10/06/24 18:54:47 Warning: failed to get attribute DAGNodeName
10/06/24 18:54:47 DAGMAN_LOG_ON_NFS_IS_ERROR setting: False
10/06/24 18:54:47 Default node log file is: </home/zrechav/SelfVeto_Correlation_Tables/scripts/compiling/dags/./22803_0006000-0006999_make_sampled_corsika_hdf.dag.nodes.log>
10/06/24 18:54:47 DAG Lockfile will be written to 22803_0006000-0006999_make_sampled_corsika_hdf.dag.lock
10/06/24 18:54:47 DAG Input file is 22803_0006000-0006999_make_sampled_corsika_hdf.dag
10/06/24 18:54:47 Parsing 1 dagfiles
10/06/24 18:54:47 Parsing 22803_0006000-0006999_make_sampled_corsika_hdf.dag ...
10/06/24 18:54:47 Adjusting edges
10/06/24 18:54:47 Dag contains 1 total jobs
10/06/24 18:54:47 Bootstrapping...
10/06/24 18:54:47 Number of pre-completed nodes: 0
10/06/24 18:54:47 MultiLogFiles: truncating log file /home/zrechav/SelfVeto_Correlation_Tables/scripts/compiling/dags/./22803_0006000-0006999_make_sampled_corsika_hdf.dag.nodes.log
10/06/24 18:54:47 DAG status: 0 (DAG_STATUS_OK)
10/06/24 18:54:47 Of 1 nodes total:
10/06/24 18:54:47  Done     Pre   Queued    Post   Ready   Un-Ready   Failed
10/06/24 18:54:47   ===     ===      ===     ===     ===        ===      ===
10/06/24 18:54:47     0       0        0       0       1          0        0
10/06/24 18:54:47 0 job proc(s) currently held
10/06/24 18:54:47 DAGMan Runtime Statistics: [ EventCycleTimeCount = 0.0; EventCycleTimeSum = 0.0; LogProcessCycleTimeCount = 0.0; LogProcessCycleTimeSum = 0.0; SleepCycleTimeCount = 0.0; SleepCycleTimeSum = 0.0; SubmitCycleTimeCount = 0.0; SubmitCycleTimeSum = 0.0; ]
10/06/24 18:54:47 Registering condor_event_timer...
10/06/24 18:54:48 Sleeping for 1 s (DAGMAN_SUBMIT_DELAY) to throttle submissions...
10/06/24 18:54:49 Submitting HTCondor Node make_sampled_corsika_hdf job(s)...
10/06/24 18:54:49 Adding a DAGMan workflow log /home/zrechav/SelfVeto_Correlation_Tables/scripts/compiling/dags/./22803_0006000-0006999_make_sampled_corsika_hdf.dag.nodes.log
10/06/24 18:54:49 Masking the events recorded in the DAGMAN workflow log
10/06/24 18:54:49 Mask for workflow log is 0,1,2,4,5,7,9,10,11,12,13,16,17,24,27,35,36
10/06/24 18:54:49 submitting: /usr/bin/condor_submit -a dag_node_name' '=' 'make_sampled_corsika_hdf -a +DAGManJobId' '=' '216748124 -a DAGManJobId' '=' '216748124 -batch-name 22803_0006000-0006999_make_sampled_corsika_hdf.dag+216748124 -batch-id 216748124.0 -a submit_event_notes' '=' 'DAG' 'Node:' 'make_sampled_corsika_hdf -a dagman_log' '=' '/home/zrechav/SelfVeto_Correlation_Tables/scripts/compiling/dags/./22803_0006000-0006999_make_sampled_corsika_hdf.dag.nodes.log -a +DAGManNodesMask' '=' '"0,1,2,4,5,7,9,10,11,12,13,16,17,24,27,35,36" -a JOB=make_sampled_corsika_hdf -a infile' '=' '/data/user/zrechav/airshowered_corsika/22803/0006000-0006999/ -a outfile' '=' '/data/user/zrechav/compiled_hdf5s/airshowered_corsika/22803/22803_0006000-0006999_unweighted.hdf5 -a DAG_STATUS' '=' '0 -a FAILED_COUNT' '=' '0 -a notification' '=' 'never -a +DAGParentNodeNames' '=' '"" /home/zrechav/SelfVeto_Correlation_Tables/scripts/compiling/make_sampled_corsika_hdf.sub
10/06/24 18:54:50 From submit: Submitting job(s).
10/06/24 18:54:50 From submit: 1 job(s) submitted to cluster 216748128.
10/06/24 18:54:50 From submit: WARNING: the line 'JOB = make_sampled_corsika_hdf' was unused by condor_submit. Is it a typo?
10/06/24 18:54:50 	assigned HTCondor ID (216748128.0.0)
10/06/24 18:54:50 Just submitted 1 job this cycle...
10/06/24 18:54:50 DAG status: 0 (DAG_STATUS_OK)
10/06/24 18:54:50 Of 1 nodes total:
10/06/24 18:54:50  Done     Pre   Queued    Post   Ready   Un-Ready   Failed
10/06/24 18:54:50   ===     ===      ===     ===     ===        ===      ===
10/06/24 18:54:50     0       0        1       0       0          0        0
10/06/24 18:54:50 0 job proc(s) currently held
10/06/24 18:54:50 DAGMan Runtime Statistics: [ EventCycleTimeCount = 0.0; EventCycleTimeSum = 0.0; LogProcessCycleTimeCount = 0.0; LogProcessCycleTimeSum = 0.0; SleepCycleTimeCount = 0.0; SleepCycleTimeSum = 0.0; SubmitCycleTimeAvg = 1.225721836090088; SubmitCycleTimeCount = 1.0; SubmitCycleTimeMax = 1.225721836090088; SubmitCycleTimeMin = 1.225721836090088; SubmitCycleTimeStd = 1.225721836090088; SubmitCycleTimeSum = 1.225721836090088; ]
10/06/24 18:54:55 Currently monitoring 1 HTCondor log file(s)
10/06/24 18:54:55 Reassigning the id of job make_sampled_corsika_hdf from (216748128.0.0) to (216748128.0.0)
10/06/24 18:54:55 Event: ULOG_SUBMIT for HTCondor Node make_sampled_corsika_hdf (216748128.0.0) {10/06/24 18:54:50}
10/06/24 18:54:55 Number of idle job procs: 1
10/06/24 19:00:50 Currently monitoring 1 HTCondor log file(s)
10/06/24 19:00:50 Event: ULOG_EXECUTE for HTCondor Node make_sampled_corsika_hdf (216748128.0.0) {10/06/24 19:00:47}
10/06/24 19:00:50 Number of idle job procs: 0
10/06/24 19:10:50 600 seconds since last log event
10/06/24 19:10:50 Pending DAG nodes:
10/06/24 19:10:50   Node make_sampled_corsika_hdf, HTCondor ID 216748128, status STATUS_SUBMITTED
10/06/24 19:20:51 1201 seconds since last log event
10/06/24 19:20:51 Pending DAG nodes:
10/06/24 19:20:51   Node make_sampled_corsika_hdf, HTCondor ID 216748128, status STATUS_SUBMITTED
10/06/24 19:30:51 1801 seconds since last log event
10/06/24 19:30:51 Pending DAG nodes:
10/06/24 19:30:51   Node make_sampled_corsika_hdf, HTCondor ID 216748128, status STATUS_SUBMITTED
