03/12/25 13:32:31 Setting maximum file descriptors to 80000.
03/12/25 13:32:31 ******************************************************
03/12/25 13:32:31 ** condor_scheduniv_exec.226990921.0 (CONDOR_DAGMAN) STARTING UP
03/12/25 13:32:31 ** /usr/bin/condor_dagman
03/12/25 13:32:31 ** SubsystemInfo: name=DAGMAN type=DAGMAN(10) class=DAEMON(1)
03/12/25 13:32:31 ** Configuration: subsystem:DAGMAN local:<NONE> class:DAEMON
03/12/25 13:32:31 ** $CondorVersion: 8.9.11 Dec 28 2020 BuildID: 526068 PackageID: 8.9.11-1 $
03/12/25 13:32:31 ** $CondorPlatform: x86_64_CentOS7 $
03/12/25 13:32:31 ** PID = 1572
03/12/25 13:32:31 ** Log last touched time unavailable (No such file or directory)
03/12/25 13:32:31 ******************************************************
03/12/25 13:32:31 Using config source: /etc/condor/condor_config
03/12/25 13:32:31 Using local config sources: 
03/12/25 13:32:31    /etc/condor/config.d/00_logging
03/12/25 13:32:31    /etc/condor/config.d/00_security
03/12/25 13:32:31    /etc/condor/config.d/20_ganglia
03/12/25 13:32:31    /etc/condor/config.d/20_master_daemons
03/12/25 13:32:31    /etc/condor/config.d/20_schedd
03/12/25 13:32:31    /etc/condor/config.d/20_schedd_limit_num_jobs
03/12/25 13:32:31    /etc/condor/config.d/20_schedd_stats
03/12/25 13:32:31    /etc/condor/config.d/20_schedd_stats_rss
03/12/25 13:32:31    /etc/condor/config.d/20_shared_port
03/12/25 13:32:31    /etc/condor/config.d/20_submit
03/12/25 13:32:31    /etc/condor/config.d/21_submit_singularity
03/12/25 13:32:31    /etc/condor/config.d/60_npx_group_requirement
03/12/25 13:32:31    /usr/local/libexec/condor/sanctioned_users.py |
03/12/25 13:32:31    /etc/condor/config.d/60_npx_sanctioned_queue
03/12/25 13:32:31    /etc/condor/config.d/60_npx_submit
03/12/25 13:32:31    /etc/condor/config.d/60_npx_submit_sane_reqs
03/12/25 13:32:31    /etc/condor/config.d/60_npx_validate_accounting_groups
03/12/25 13:32:31    /etc/condor/config.d/99_block_submissions_group_long
03/12/25 13:32:31    /etc/condor/condor_config.local
03/12/25 13:32:31 config Macros = 157, Sorted = 157, StringBytes = 8640, TablesBytes = 5844
03/12/25 13:32:31 CLASSAD_CACHING is ENABLED
03/12/25 13:32:31 Daemon Log is logging: D_ALWAYS D_ERROR
03/12/25 13:32:31 DaemonCore: No command port requested.
03/12/25 13:32:31 DAGMAN_USE_STRICT setting: 1
03/12/25 13:32:31 DAGMAN_VERBOSITY setting: 3
03/12/25 13:32:31 DAGMAN_DEBUG_CACHE_SIZE setting: 5242880
03/12/25 13:32:31 DAGMAN_DEBUG_CACHE_ENABLE setting: False
03/12/25 13:32:31 DAGMAN_SUBMIT_DELAY setting: 1
03/12/25 13:32:31 DAGMAN_MAX_SUBMIT_ATTEMPTS setting: 6
03/12/25 13:32:31 DAGMAN_STARTUP_CYCLE_DETECT setting: False
03/12/25 13:32:31 DAGMAN_MAX_SUBMITS_PER_INTERVAL setting: 100
03/12/25 13:32:31 DAGMAN_AGGRESSIVE_SUBMIT setting: False
03/12/25 13:32:31 DAGMAN_USER_LOG_SCAN_INTERVAL setting: 5
03/12/25 13:32:31 DAGMAN_QUEUE_UPDATE_INTERVAL setting: 300
03/12/25 13:32:31 DAGMAN_DEFAULT_PRIORITY setting: 0
03/12/25 13:32:31 DAGMAN_SUPPRESS_NOTIFICATION setting: True
03/12/25 13:32:31 allow_events (DAGMAN_ALLOW_EVENTS) setting: 114
03/12/25 13:32:31 DAGMAN_RETRY_SUBMIT_FIRST setting: True
03/12/25 13:32:31 DAGMAN_RETRY_NODE_FIRST setting: False
03/12/25 13:32:31 DAGMAN_MAX_JOBS_IDLE setting: 1000
03/12/25 13:32:31 DAGMAN_MAX_JOBS_SUBMITTED setting: 0
03/12/25 13:32:31 DAGMAN_MAX_PRE_SCRIPTS setting: 20
03/12/25 13:32:31 DAGMAN_MAX_POST_SCRIPTS setting: 20
03/12/25 13:32:31 DAGMAN_MAX_HOLD_SCRIPTS setting: 20
03/12/25 13:32:31 DAGMAN_MUNGE_NODE_NAMES setting: True
03/12/25 13:32:31 DAGMAN_PROHIBIT_MULTI_JOBS setting: False
03/12/25 13:32:31 DAGMAN_SUBMIT_DEPTH_FIRST setting: False
03/12/25 13:32:31 DAGMAN_ALWAYS_RUN_POST setting: False
03/12/25 13:32:31 DAGMAN_CONDOR_SUBMIT_EXE setting: /usr/bin/condor_submit
03/12/25 13:32:31 DAGMAN_USE_CONDOR_SUBMIT setting: True
03/12/25 13:32:31 DAGMAN_ABORT_DUPLICATES setting: True
03/12/25 13:32:31 DAGMAN_ABORT_ON_SCARY_SUBMIT setting: True
03/12/25 13:32:31 DAGMAN_PENDING_REPORT_INTERVAL setting: 600
03/12/25 13:32:31 DAGMAN_AUTO_RESCUE setting: True
03/12/25 13:32:31 DAGMAN_MAX_RESCUE_NUM setting: 100
03/12/25 13:32:31 DAGMAN_WRITE_PARTIAL_RESCUE setting: True
03/12/25 13:32:31 DAGMAN_DEFAULT_NODE_LOG setting: @(DAG_DIR)/@(DAG_FILE).nodes.log
03/12/25 13:32:31 DAGMAN_GENERATE_SUBDAG_SUBMITS setting: True
03/12/25 13:32:31 DAGMAN_MAX_JOB_HOLDS setting: 100
03/12/25 13:32:31 DAGMAN_HOLD_CLAIM_TIME setting: 20
03/12/25 13:32:31 ALL_DEBUG setting: 
03/12/25 13:32:31 DAGMAN_DEBUG setting: 
03/12/25 13:32:31 DAGMAN_SUPPRESS_JOB_LOGS setting: False
03/12/25 13:32:31 DAGMAN_REMOVE_NODE_JOBS setting: True
03/12/25 13:32:31 DAGMAN will adjust edges after parsing
03/12/25 13:32:31 argv[0] == "condor_scheduniv_exec.226990921.0"
03/12/25 13:32:31 argv[1] == "-Lockfile"
03/12/25 13:32:31 argv[2] == "22803_0000000-0019999_picklemaker.dag.lock"
03/12/25 13:32:31 argv[3] == "-AutoRescue"
03/12/25 13:32:31 argv[4] == "1"
03/12/25 13:32:31 argv[5] == "-DoRescueFrom"
03/12/25 13:32:31 argv[6] == "0"
03/12/25 13:32:31 argv[7] == "-Dag"
03/12/25 13:32:31 argv[8] == "22803_0000000-0019999_picklemaker.dag"
03/12/25 13:32:31 argv[9] == "-Suppress_notification"
03/12/25 13:32:31 argv[10] == "-CsdVersion"
03/12/25 13:32:31 argv[11] == "$CondorVersion: 8.9.11 Dec 28 2020 BuildID: 526068 PackageID: 8.9.11-1 $"
03/12/25 13:32:31 argv[12] == "-Dagman"
03/12/25 13:32:31 argv[13] == "/usr/bin/condor_dagman"
03/12/25 13:32:31 Can't open directory "/etc/condor/passwords.d" as PRIV_ROOT, errno: 13 (Permission denied)
03/12/25 13:32:31 Can't open directory "/etc/condor/passwords.d" as PRIV_ROOT, errno: 13 (Permission denied)
03/12/25 13:32:31 Workflow batch-id: <226990921.0>
03/12/25 13:32:31 Workflow batch-name: <22803_0000000-0019999_picklemaker.dag+226990921>
03/12/25 13:32:31 Workflow accounting_group: <>
03/12/25 13:32:31 Workflow accounting_group_user: <>
03/12/25 13:32:31 Warning: failed to get attribute DAGNodeName
03/12/25 13:32:31 DAGMAN_LOG_ON_NFS_IS_ERROR setting: False
03/12/25 13:32:31 Default node log file is: </home/zrechav/SelfVeto_Correlation_Tables/scripts/picklemaking/dags/./22803_0000000-0019999_picklemaker.dag.nodes.log>
03/12/25 13:32:31 DAG Lockfile will be written to 22803_0000000-0019999_picklemaker.dag.lock
03/12/25 13:32:31 DAG Input file is 22803_0000000-0019999_picklemaker.dag
03/12/25 13:32:31 Parsing 1 dagfiles
03/12/25 13:32:31 Parsing 22803_0000000-0019999_picklemaker.dag ...
03/12/25 13:32:31 Adjusting edges
03/12/25 13:32:31 Dag contains 1 total jobs
03/12/25 13:32:31 Bootstrapping...
03/12/25 13:32:31 Number of pre-completed nodes: 0
03/12/25 13:32:31 MultiLogFiles: truncating log file /home/zrechav/SelfVeto_Correlation_Tables/scripts/picklemaking/dags/./22803_0000000-0019999_picklemaker.dag.nodes.log
03/12/25 13:32:31 DAG status: 0 (DAG_STATUS_OK)
03/12/25 13:32:31 Of 1 nodes total:
03/12/25 13:32:31  Done     Pre   Queued    Post   Ready   Un-Ready   Failed
03/12/25 13:32:31   ===     ===      ===     ===     ===        ===      ===
03/12/25 13:32:31     0       0        0       0       1          0        0
03/12/25 13:32:31 0 job proc(s) currently held
03/12/25 13:32:31 DAGMan Runtime Statistics: [ EventCycleTimeCount = 0.0; EventCycleTimeSum = 0.0; LogProcessCycleTimeCount = 0.0; LogProcessCycleTimeSum = 0.0; SleepCycleTimeCount = 0.0; SleepCycleTimeSum = 0.0; SubmitCycleTimeCount = 0.0; SubmitCycleTimeSum = 0.0; ]
03/12/25 13:32:31 Registering condor_event_timer...
03/12/25 13:32:32 Sleeping for 1 s (DAGMAN_SUBMIT_DELAY) to throttle submissions...
03/12/25 13:32:33 Submitting HTCondor Node make_pickle job(s)...
03/12/25 13:32:33 Adding a DAGMan workflow log /home/zrechav/SelfVeto_Correlation_Tables/scripts/picklemaking/dags/./22803_0000000-0019999_picklemaker.dag.nodes.log
03/12/25 13:32:33 Masking the events recorded in the DAGMAN workflow log
03/12/25 13:32:33 Mask for workflow log is 0,1,2,4,5,7,9,10,11,12,13,16,17,24,27,35,36
03/12/25 13:32:33 submitting: /usr/bin/condor_submit -a dag_node_name' '=' 'make_pickle -a +DAGManJobId' '=' '226990921 -a DAGManJobId' '=' '226990921 -batch-name 22803_0000000-0019999_picklemaker.dag+226990921 -batch-id 226990921.0 -a submit_event_notes' '=' 'DAG' 'Node:' 'make_pickle -a dagman_log' '=' '/home/zrechav/SelfVeto_Correlation_Tables/scripts/picklemaking/dags/./22803_0000000-0019999_picklemaker.dag.nodes.log -a +DAGManNodesMask' '=' '"0,1,2,4,5,7,9,10,11,12,13,16,17,24,27,35,36" -a JOB=make_pickle -a infile' '=' '/data/ana/Diffuse/DNNCascades_Diffuse/Corsika_Temp/combined/22803_0000000-0019999_correlated.hdf5 -a DAG_STATUS' '=' '0 -a FAILED_COUNT' '=' '0 -a notification' '=' 'never -a +DAGParentNodeNames' '=' '"" /home/zrechav/SelfVeto_Correlation_Tables/scripts/picklemaking/picklemaking.sub
03/12/25 13:32:34 From submit: Submitting job(s).
03/12/25 13:32:34 From submit: 1 job(s) submitted to cluster 226991372.
03/12/25 13:32:34 From submit: WARNING: the line 'JOB = make_pickle' was unused by condor_submit. Is it a typo?
03/12/25 13:32:34 	assigned HTCondor ID (226991372.0.0)
03/12/25 13:32:34 Just submitted 1 job this cycle...
03/12/25 13:32:34 DAG status: 0 (DAG_STATUS_OK)
03/12/25 13:32:34 Of 1 nodes total:
03/12/25 13:32:34  Done     Pre   Queued    Post   Ready   Un-Ready   Failed
03/12/25 13:32:34   ===     ===      ===     ===     ===        ===      ===
03/12/25 13:32:34     0       0        1       0       0          0        0
03/12/25 13:32:34 0 job proc(s) currently held
03/12/25 13:32:34 DAGMan Runtime Statistics: [ EventCycleTimeCount = 0.0; EventCycleTimeSum = 0.0; LogProcessCycleTimeCount = 0.0; LogProcessCycleTimeSum = 0.0; SleepCycleTimeCount = 0.0; SleepCycleTimeSum = 0.0; SubmitCycleTimeAvg = 1.518258094787598; SubmitCycleTimeCount = 1.0; SubmitCycleTimeMax = 1.518258094787598; SubmitCycleTimeMin = 1.518258094787598; SubmitCycleTimeStd = 1.518258094787598; SubmitCycleTimeSum = 1.518258094787598; ]
03/12/25 13:32:39 Currently monitoring 1 HTCondor log file(s)
03/12/25 13:32:39 Reassigning the id of job make_pickle from (226991372.0.0) to (226991372.0.0)
03/12/25 13:32:39 Event: ULOG_SUBMIT for HTCondor Node make_pickle (226991372.0.0) {03/12/25 13:32:34}
03/12/25 13:32:39 Number of idle job procs: 1
03/12/25 13:42:39 600 seconds since last log event
03/12/25 13:42:39 Pending DAG nodes:
03/12/25 13:42:39   Node make_pickle, HTCondor ID 226991372, status STATUS_SUBMITTED
03/12/25 13:49:55 Currently monitoring 1 HTCondor log file(s)
03/12/25 13:49:55 Event: ULOG_EXECUTE for HTCondor Node make_pickle (226991372.0.0) {03/12/25 13:49:51}
03/12/25 13:49:55 Number of idle job procs: 0
03/12/25 13:59:55 600 seconds since last log event
03/12/25 13:59:55 Pending DAG nodes:
03/12/25 13:59:55   Node make_pickle, HTCondor ID 226991372, status STATUS_SUBMITTED
03/12/25 14:09:56 1201 seconds since last log event
03/12/25 14:09:56 Pending DAG nodes:
03/12/25 14:09:56   Node make_pickle, HTCondor ID 226991372, status STATUS_SUBMITTED
03/12/25 14:19:57 1802 seconds since last log event
03/12/25 14:19:57 Pending DAG nodes:
03/12/25 14:19:57   Node make_pickle, HTCondor ID 226991372, status STATUS_SUBMITTED
03/12/25 14:29:57 2402 seconds since last log event
03/12/25 14:29:57 Pending DAG nodes:
03/12/25 14:29:57   Node make_pickle, HTCondor ID 226991372, status STATUS_SUBMITTED
03/12/25 14:39:58 3003 seconds since last log event
03/12/25 14:39:58 Pending DAG nodes:
03/12/25 14:39:58   Node make_pickle, HTCondor ID 226991372, status STATUS_SUBMITTED
03/12/25 14:49:59 3604 seconds since last log event
03/12/25 14:49:59 Pending DAG nodes:
03/12/25 14:49:59   Node make_pickle, HTCondor ID 226991372, status STATUS_SUBMITTED
03/12/25 14:59:59 4204 seconds since last log event
03/12/25 14:59:59 Pending DAG nodes:
03/12/25 14:59:59   Node make_pickle, HTCondor ID 226991372, status STATUS_SUBMITTED
03/12/25 15:10:00 4805 seconds since last log event
03/12/25 15:10:00 Pending DAG nodes:
03/12/25 15:10:00   Node make_pickle, HTCondor ID 226991372, status STATUS_SUBMITTED
03/12/25 15:20:00 5405 seconds since last log event
03/12/25 15:20:00 Pending DAG nodes:
03/12/25 15:20:00   Node make_pickle, HTCondor ID 226991372, status STATUS_SUBMITTED
03/12/25 15:30:02 6007 seconds since last log event
03/12/25 15:30:02 Pending DAG nodes:
03/12/25 15:30:02   Node make_pickle, HTCondor ID 226991372, status STATUS_SUBMITTED
03/12/25 15:39:37 Currently monitoring 1 HTCondor log file(s)
03/12/25 15:39:37 Event: ULOG_JOB_TERMINATED for HTCondor Node make_pickle (226991372.0.0) {03/12/25 15:39:36}
03/12/25 15:39:37 Number of idle job procs: 0
03/12/25 15:39:37 Node make_pickle job proc (226991372.0.0) completed successfully.
03/12/25 15:39:37 Node make_pickle job completed
03/12/25 15:39:37 DAG status: 0 (DAG_STATUS_OK)
03/12/25 15:39:37 Of 1 nodes total:
03/12/25 15:39:37  Done     Pre   Queued    Post   Ready   Un-Ready   Failed
03/12/25 15:39:37   ===     ===      ===     ===     ===        ===      ===
03/12/25 15:39:37     1       0        0       0       0          0        0
03/12/25 15:39:37 0 job proc(s) currently held
03/12/25 15:39:37 DAGMan Runtime Statistics: [ EventCycleTimeAvg = 0.001680525368322922; EventCycleTimeCount = 1523.0; EventCycleTimeMax = 1.518481016159058; EventCycleTimeMin = 2.002716064453125E-05; EventCycleTimeStd = 0.0413312885129184; EventCycleTimeSum = 2.559440135955811; LogProcessCycleTimeAvg = 0.0003082752227783203; LogProcessCycleTimeCount = 3.0; LogProcessCycleTimeMax = 0.0004839897155761719; LogProcessCycleTimeMin = 0.0001440048217773438; LogProcessCycleTimeStd = 0.0001702811129592521; LogProcessCycleTimeSum = 0.0009248256683349609; SleepCycleTimeAvg = 5.004794892870276; SleepCycleTimeCount = 1523.0; SleepCycleTimeMax = 5.018082141876221; SleepCycleTimeMin = 5.000179052352905; SleepCycleTimeStd = 0.00125117999685178; SleepCycleTimeSum = 7622.302621841431; SubmitCycleTimeAvg = 0.001046090144810714; SubmitCycleTimeCount = 1524.0; SubmitCycleTimeMax = 1.518258094787598; SubmitCycleTimeMin = 5.960464477539062E-06; SubmitCycleTimeStd = 0.03889089533372483; SubmitCycleTimeSum = 1.594241380691528; ]
03/12/25 15:39:37 All jobs Completed!
03/12/25 15:39:37 Note: 0 total job deferrals because of -MaxJobs limit (0)
03/12/25 15:39:37 Note: 0 total job deferrals because of -MaxIdle limit (1000)
03/12/25 15:39:37 Note: 0 total job deferrals because of node category throttles
03/12/25 15:39:37 Note: 0 total PRE script deferrals because of -MaxPre limit (20) or DEFER
03/12/25 15:39:37 Note: 0 total POST script deferrals because of -MaxPost limit (20) or DEFER
03/12/25 15:39:37 Note: 0 total HOLD script deferrals because of -MaxHold limit (20) or DEFER
03/12/25 15:39:37 DAG status: 0 (DAG_STATUS_OK)
03/12/25 15:39:37 Of 1 nodes total:
03/12/25 15:39:37  Done     Pre   Queued    Post   Ready   Un-Ready   Failed
03/12/25 15:39:37   ===     ===      ===     ===     ===        ===      ===
03/12/25 15:39:37     1       0        0       0       0          0        0
03/12/25 15:39:37 0 job proc(s) currently held
03/12/25 15:39:37 DAGMan Runtime Statistics: [ EventCycleTimeAvg = 0.001680525368322922; EventCycleTimeCount = 1523.0; EventCycleTimeMax = 1.518481016159058; EventCycleTimeMin = 2.002716064453125E-05; EventCycleTimeStd = 0.0413312885129184; EventCycleTimeSum = 2.559440135955811; LogProcessCycleTimeAvg = 0.0003082752227783203; LogProcessCycleTimeCount = 3.0; LogProcessCycleTimeMax = 0.0004839897155761719; LogProcessCycleTimeMin = 0.0001440048217773438; LogProcessCycleTimeStd = 0.0001702811129592521; LogProcessCycleTimeSum = 0.0009248256683349609; SleepCycleTimeAvg = 5.004794892870276; SleepCycleTimeCount = 1523.0; SleepCycleTimeMax = 5.018082141876221; SleepCycleTimeMin = 5.000179052352905; SleepCycleTimeStd = 0.00125117999685178; SleepCycleTimeSum = 7622.302621841431; SubmitCycleTimeAvg = 0.001046090144810714; SubmitCycleTimeCount = 1524.0; SubmitCycleTimeMax = 1.518258094787598; SubmitCycleTimeMin = 5.960464477539062E-06; SubmitCycleTimeStd = 0.03889089533372483; SubmitCycleTimeSum = 1.594241380691528; ]
03/12/25 15:39:37 Wrote metrics file 22803_0000000-0019999_picklemaker.dag.metrics.
03/12/25 15:39:37 DAGMan Runtime Statistics: [ EventCycleTimeAvg = 0.001680525368322922; EventCycleTimeCount = 1523.0; EventCycleTimeMax = 1.518481016159058; EventCycleTimeMin = 2.002716064453125E-05; EventCycleTimeStd = 0.0413312885129184; EventCycleTimeSum = 2.559440135955811; LogProcessCycleTimeAvg = 0.0003082752227783203; LogProcessCycleTimeCount = 3.0; LogProcessCycleTimeMax = 0.0004839897155761719; LogProcessCycleTimeMin = 0.0001440048217773438; LogProcessCycleTimeStd = 0.0001702811129592521; LogProcessCycleTimeSum = 0.0009248256683349609; SleepCycleTimeAvg = 5.004794892870276; SleepCycleTimeCount = 1523.0; SleepCycleTimeMax = 5.018082141876221; SleepCycleTimeMin = 5.000179052352905; SleepCycleTimeStd = 0.00125117999685178; SleepCycleTimeSum = 7622.302621841431; SubmitCycleTimeAvg = 0.001046090144810714; SubmitCycleTimeCount = 1524.0; SubmitCycleTimeMax = 1.518258094787598; SubmitCycleTimeMin = 5.960464477539062E-06; SubmitCycleTimeStd = 0.03889089533372483; SubmitCycleTimeSum = 1.594241380691528; ]
03/12/25 15:39:37 **** condor_scheduniv_exec.226990921.0 (condor_DAGMAN) pid 1572 EXITING WITH STATUS 0
